[2020-03-25 11:37:59] local.INFO: checkUpload -- [{"_token":"lZyRyKXeeGuUY5C4gPhgo8b52Ih9i2NxfByLkk7K","resumableChunkNumber":"1","resumableChunkSize":"1048576","resumableCurrentChunkSize":"901160","resumableTotalSize":"901160","resumableType":"video/x-msvideo","resumableIdentifier":"901160-3avi","resumableFilename":"3.avi","resumableRelativePath":"3.avi","resumableTotalChunks":"1"}] 
[2020-03-25 11:37:59] local.INFO: check resumablefilestatus ["5"] 
[2020-03-25 11:39:08] local.INFO: checkUpload -- [{"_token":"lZyRyKXeeGuUY5C4gPhgo8b52Ih9i2NxfByLkk7K","resumableChunkNumber":"1","resumableChunkSize":"1048576","resumableCurrentChunkSize":"901160","resumableTotalSize":"901160","resumableType":"video/x-msvideo","resumableIdentifier":"901160-3avi","resumableFilename":"3.avi","resumableRelativePath":"3.avi","resumableTotalChunks":"1"}] 
[2020-03-25 11:39:08] local.INFO: check resumablefilestatus ["resumablefilestatus-","5"] 
[2020-03-25 11:40:42] local.INFO: checkUpload -- [{"_token":"lZyRyKXeeGuUY5C4gPhgo8b52Ih9i2NxfByLkk7K","resumableChunkNumber":"1","resumableChunkSize":"1048576","resumableCurrentChunkSize":"901160","resumableTotalSize":"901160","resumableType":"video/x-msvideo","resumableIdentifier":"901160-3avi","resumableFilename":"3.avi","resumableRelativePath":"3.avi","resumableTotalChunks":"1"}] 
[2020-03-25 11:40:42] local.INFO: check resumablefilestatus ["901160-3avi","resumablefilestatus-","","5"] 
[2020-03-25 11:43:47] local.INFO: checkUpload -- [{"_token":"lZyRyKXeeGuUY5C4gPhgo8b52Ih9i2NxfByLkk7K","resumableChunkNumber":"2","resumableChunkSize":"1048576","resumableCurrentChunkSize":"1048576","resumableTotalSize":"3900888","resumableType":"video/x-msvideo","resumableIdentifier":"3900888-1avi","resumableFilename":"1.avi","resumableRelativePath":"1.avi","resumableTotalChunks":"3"}] 
[2020-03-25 11:43:47] local.INFO: check resumablefilestatus [null] 
[2020-03-25 11:43:47] local.INFO: checkUpload -- [{"_token":"lZyRyKXeeGuUY5C4gPhgo8b52Ih9i2NxfByLkk7K","resumableChunkNumber":"3","resumableChunkSize":"1048576","resumableCurrentChunkSize":"1803736","resumableTotalSize":"3900888","resumableType":"video/x-msvideo","resumableIdentifier":"3900888-1avi","resumableFilename":"1.avi","resumableRelativePath":"1.avi","resumableTotalChunks":"3"}] 
[2020-03-25 11:43:47] local.INFO: check resumablefilestatus [null] 
[2020-03-25 11:43:47] local.INFO: checkUpload -- [{"_token":"lZyRyKXeeGuUY5C4gPhgo8b52Ih9i2NxfByLkk7K","resumableChunkNumber":"1","resumableChunkSize":"1048576","resumableCurrentChunkSize":"1048576","resumableTotalSize":"3900888","resumableType":"video/x-msvideo","resumableIdentifier":"3900888-1avi","resumableFilename":"1.avi","resumableRelativePath":"1.avi","resumableTotalChunks":"3"}] 
[2020-03-25 11:43:47] local.INFO: check resumablefilestatus [null] 
[2020-03-25 11:44:01] local.INFO: upload --  ["2","3",true] 
[2020-03-25 11:44:01] local.INFO: upload -- all [{"_token":"QxDTLM4BsaGBC29s6uKf1Ye2pgxuahENOJEf0nJE","_previous":{"url":"http://3.135.237.146/api/upload?_token=lZyRyKXeeGuUY5C4gPhgo8b52Ih9i2NxfByLkk7K&resumableChunkNumber=1&resumableChunkSize=1048576&resumableCurrentChunkSize=1048576&resumableFilename=1.avi&resumableIdentifier=3900888-1avi&resumableRelativePath=1.avi&resumableTotalChunks=3&resumableTotalSize=3900888&resumableType=video%2Fx-msvideo"},"_flash":{"old":[],"new":[]},"resumablefilestatus-":"5","resumablefilestatus-3900888-1avi":"2"}] 
[2020-03-25 11:44:01] local.INFO: upload --  ["1","3",true] 
[2020-03-25 11:44:01] local.INFO: upload -- all [{"_token":"QxDTLM4BsaGBC29s6uKf1Ye2pgxuahENOJEf0nJE","_previous":{"url":"http://3.135.237.146/api/upload?_token=lZyRyKXeeGuUY5C4gPhgo8b52Ih9i2NxfByLkk7K&resumableChunkNumber=1&resumableChunkSize=1048576&resumableCurrentChunkSize=1048576&resumableFilename=1.avi&resumableIdentifier=3900888-1avi&resumableRelativePath=1.avi&resumableTotalChunks=3&resumableTotalSize=3900888&resumableType=video%2Fx-msvideo"},"_flash":{"old":[],"new":[]},"resumablefilestatus-":"5","resumablefilestatus-3900888-1avi":"2"}] 
[2020-03-25 11:44:05] local.INFO: upload --  ["3","3",false] 
[2020-03-25 11:44:05] local.INFO: upload -- all [{"_token":"QxDTLM4BsaGBC29s6uKf1Ye2pgxuahENOJEf0nJE","_previous":{"url":"http://3.135.237.146/api/upload?_token=lZyRyKXeeGuUY5C4gPhgo8b52Ih9i2NxfByLkk7K&resumableChunkNumber=1&resumableChunkSize=1048576&resumableCurrentChunkSize=1048576&resumableFilename=1.avi&resumableIdentifier=3900888-1avi&resumableRelativePath=1.avi&resumableTotalChunks=3&resumableTotalSize=3900888&resumableType=video%2Fx-msvideo"},"_flash":{"old":[],"new":[]},"resumablefilestatus-":"5","resumablefilestatus-3900888-1avi":"3"}] 
[2020-03-25 11:51:05] local.INFO: checkUpload -- [{"_token":"lZyRyKXeeGuUY5C4gPhgo8b52Ih9i2NxfByLkk7K","resumableChunkNumber":"1","resumableChunkSize":"1048576","resumableCurrentChunkSize":"1048576","resumableTotalSize":"3900888","resumableType":"video/x-msvideo","resumableIdentifier":"3900888-1avi","resumableFilename":"1.avi","resumableRelativePath":"1.avi","resumableTotalChunks":"3"}] 
[2020-03-25 11:51:05] local.INFO: check resumablefilestatus [null] 
[2020-03-25 11:51:05] local.INFO: checkUpload -- [{"_token":"lZyRyKXeeGuUY5C4gPhgo8b52Ih9i2NxfByLkk7K","resumableChunkNumber":"3","resumableChunkSize":"1048576","resumableCurrentChunkSize":"1803736","resumableTotalSize":"3900888","resumableType":"video/x-msvideo","resumableIdentifier":"3900888-1avi","resumableFilename":"1.avi","resumableRelativePath":"1.avi","resumableTotalChunks":"3"}] 
[2020-03-25 11:51:05] local.INFO: check resumablefilestatus [null] 
[2020-03-25 11:51:05] local.INFO: checkUpload -- [{"_token":"lZyRyKXeeGuUY5C4gPhgo8b52Ih9i2NxfByLkk7K","resumableChunkNumber":"2","resumableChunkSize":"1048576","resumableCurrentChunkSize":"1048576","resumableTotalSize":"3900888","resumableType":"video/x-msvideo","resumableIdentifier":"3900888-1avi","resumableFilename":"1.avi","resumableRelativePath":"1.avi","resumableTotalChunks":"3"}] 
[2020-03-25 11:51:05] local.INFO: check resumablefilestatus [null] 
[2020-03-25 11:51:23] local.INFO: upload --  ["1","3",true] 
[2020-03-25 11:51:23] local.INFO: upload -- all [{"_token":"QxDTLM4BsaGBC29s6uKf1Ye2pgxuahENOJEf0nJE","_previous":{"url":"http://3.135.237.146/api/upload?_token=lZyRyKXeeGuUY5C4gPhgo8b52Ih9i2NxfByLkk7K&resumableChunkNumber=3&resumableChunkSize=1048576&resumableCurrentChunkSize=1803736&resumableFilename=1.avi&resumableIdentifier=3900888-1avi&resumableRelativePath=1.avi&resumableTotalChunks=3&resumableTotalSize=3900888&resumableType=video%2Fx-msvideo"},"_flash":{"old":[],"new":[]},"resumablefilestatus-":"5","resumablefilestatus-3900888-1avi":"1"}] 
[2020-03-25 11:51:23] local.INFO: upload --  ["2","3",true] 
[2020-03-25 11:51:23] local.INFO: upload -- all [{"_token":"QxDTLM4BsaGBC29s6uKf1Ye2pgxuahENOJEf0nJE","_previous":{"url":"http://3.135.237.146/api/upload?_token=lZyRyKXeeGuUY5C4gPhgo8b52Ih9i2NxfByLkk7K&resumableChunkNumber=3&resumableChunkSize=1048576&resumableCurrentChunkSize=1803736&resumableFilename=1.avi&resumableIdentifier=3900888-1avi&resumableRelativePath=1.avi&resumableTotalChunks=3&resumableTotalSize=3900888&resumableType=video%2Fx-msvideo"},"_flash":{"old":[],"new":[]},"resumablefilestatus-":"5","resumablefilestatus-3900888-1avi":"2"}] 
[2020-03-25 11:51:26] local.INFO: upload --  ["3","3",false] 
[2020-03-25 11:51:26] local.INFO: upload -- all [{"_token":"QxDTLM4BsaGBC29s6uKf1Ye2pgxuahENOJEf0nJE","_previous":{"url":"http://3.135.237.146/api/upload?_token=lZyRyKXeeGuUY5C4gPhgo8b52Ih9i2NxfByLkk7K&resumableChunkNumber=3&resumableChunkSize=1048576&resumableCurrentChunkSize=1803736&resumableFilename=1.avi&resumableIdentifier=3900888-1avi&resumableRelativePath=1.avi&resumableTotalChunks=3&resumableTotalSize=3900888&resumableType=video%2Fx-msvideo"},"_flash":{"old":[],"new":[]},"resumablefilestatus-":"5","resumablefilestatus-3900888-1avi":"3"}] 
[2020-03-25 11:52:13] local.INFO: checkUpload -- [{"_token":"lZyRyKXeeGuUY5C4gPhgo8b52Ih9i2NxfByLkk7K","resumableChunkNumber":"1","resumableChunkSize":"1048576","resumableCurrentChunkSize":"1048576","resumableTotalSize":"3900888","resumableType":"video/x-msvideo","resumableIdentifier":"3900888-1avi","resumableFilename":"1.avi","resumableRelativePath":"1.avi","resumableTotalChunks":"3"}] 
[2020-03-25 11:52:13] local.INFO: check resumablefilestatus [null] 
[2020-03-25 11:52:13] local.INFO: checkUpload -- [{"_token":"lZyRyKXeeGuUY5C4gPhgo8b52Ih9i2NxfByLkk7K","resumableChunkNumber":"2","resumableChunkSize":"1048576","resumableCurrentChunkSize":"1048576","resumableTotalSize":"3900888","resumableType":"video/x-msvideo","resumableIdentifier":"3900888-1avi","resumableFilename":"1.avi","resumableRelativePath":"1.avi","resumableTotalChunks":"3"}] 
[2020-03-25 11:52:13] local.INFO: check resumablefilestatus [null] 
[2020-03-25 11:52:13] local.INFO: checkUpload -- [{"_token":"lZyRyKXeeGuUY5C4gPhgo8b52Ih9i2NxfByLkk7K","resumableChunkNumber":"3","resumableChunkSize":"1048576","resumableCurrentChunkSize":"1803736","resumableTotalSize":"3900888","resumableType":"video/x-msvideo","resumableIdentifier":"3900888-1avi","resumableFilename":"1.avi","resumableRelativePath":"1.avi","resumableTotalChunks":"3"}] 
[2020-03-25 11:52:13] local.INFO: check resumablefilestatus [null] 
[2020-03-25 11:52:26] local.INFO: upload --  ["2","3",true] 
[2020-03-25 11:52:26] local.INFO: upload -- all [{"_token":"QxDTLM4BsaGBC29s6uKf1Ye2pgxuahENOJEf0nJE","_previous":{"url":"http://3.135.237.146/api/upload?_token=lZyRyKXeeGuUY5C4gPhgo8b52Ih9i2NxfByLkk7K&resumableChunkNumber=3&resumableChunkSize=1048576&resumableCurrentChunkSize=1803736&resumableFilename=1.avi&resumableIdentifier=3900888-1avi&resumableRelativePath=1.avi&resumableTotalChunks=3&resumableTotalSize=3900888&resumableType=video%2Fx-msvideo"},"_flash":{"old":[],"new":[]},"resumablefilestatus-":"5","resumablefilestatus-3900888-1avi":"2"}] 
[2020-03-25 11:52:28] local.INFO: upload --  ["1","3",true] 
[2020-03-25 11:52:28] local.INFO: upload -- all [{"_token":"QxDTLM4BsaGBC29s6uKf1Ye2pgxuahENOJEf0nJE","_previous":{"url":"http://3.135.237.146/api/upload?_token=lZyRyKXeeGuUY5C4gPhgo8b52Ih9i2NxfByLkk7K&resumableChunkNumber=3&resumableChunkSize=1048576&resumableCurrentChunkSize=1803736&resumableFilename=1.avi&resumableIdentifier=3900888-1avi&resumableRelativePath=1.avi&resumableTotalChunks=3&resumableTotalSize=3900888&resumableType=video%2Fx-msvideo"},"_flash":{"old":[],"new":[]},"resumablefilestatus-":"5","resumablefilestatus-3900888-1avi":"2"}] 
[2020-03-25 11:52:31] local.INFO: upload --  ["3","3",false] 
[2020-03-25 11:52:31] local.INFO: upload -- all [{"_token":"QxDTLM4BsaGBC29s6uKf1Ye2pgxuahENOJEf0nJE","_previous":{"url":"http://3.135.237.146/api/upload?_token=lZyRyKXeeGuUY5C4gPhgo8b52Ih9i2NxfByLkk7K&resumableChunkNumber=3&resumableChunkSize=1048576&resumableCurrentChunkSize=1803736&resumableFilename=1.avi&resumableIdentifier=3900888-1avi&resumableRelativePath=1.avi&resumableTotalChunks=3&resumableTotalSize=3900888&resumableType=video%2Fx-msvideo"},"_flash":{"old":[],"new":[]},"resumablefilestatus-":"5","resumablefilestatus-3900888-1avi":"3"}] 
[2020-03-25 11:52:59] local.INFO: Transcoding start  
[2020-03-25 11:52:59] local.INFO: Cron has sent request for tanscoding  
[2020-03-25 11:52:59] local.INFO: 1. transcodingToHLS  
[2020-03-25 11:52:59] local.INFO: 2. transcodingToHLS > Create directory successfully.  
[2020-03-25 11:52:59] local.INFO: 3. transcodingToHLS > Start converting.  
[2020-03-25 11:52:59] local.INFO: ffprobe running command '/usr/bin/ffprobe' '-help' '-loglevel' 'quiet'  
[2020-03-25 11:52:59] local.INFO: ffprobe executed command successfully  
[2020-03-25 11:52:59] local.INFO: ffprobe running command '/usr/bin/ffprobe' '/var/www/html/storage/app/public/temp_movie/1_063a1bd48b3ca00dc6bbb4026095125e.avi' '-show_streams' '-print_format' 'json'  
[2020-03-25 11:52:59] local.INFO: ffprobe executed command successfully  
[2020-03-25 11:52:59] local.INFO: 4. transcodingToHLS > End converting.  
[2020-03-25 11:52:59] local.INFO: transcodingToHLS > Resolution.  
[2020-03-25 11:52:59] local.INFO: 5. transcodingToHLS > going to Save movie.  
[2020-03-25 11:52:59] local.INFO: trans user ["ubuntu   pts/0        Mar 25 11:48 (106.213.233.145)\n"] 
[2020-03-25 11:53:00] local.INFO: ffmpeg running command '/usr/bin/ffmpeg' '-y' '-i' '/var/www/html/storage/app/public/temp_movie/1_063a1bd48b3ca00dc6bbb4026095125e.avi' '-map' '0' '-flags' '-global_header' '-f' 'segment' '-segment_format' 'mpeg_ts' '-segment_list' '/var/www/html/storage/app/public/series/ff32a260-57ab-11ea-90fc-93edc337332e/season_3_1//nonenc/mPpqLrB2NfZwBux2Fo1n_1500.m3u8' '-segment_time' '6' '-threads' '12' '-vcodec' 'libx264' '-acodec' 'aac' '-b:v' '1500k' '-refs' '6' '-coder' '1' '-sc_threshold' '40' '-flags' '+loop' '-me_range' '16' '-subq' '7' '-i_qfactor' '0.71' '-qcomp' '0.6' '-qdiff' '4' '-trellis' '1' '-b:a' '128k' '-pass' '1' '-passlogfile' '/tmp/ffmpeg-passes5e7b461bf41e12hj80/pass-5e7b461bf4237' '/var/www/html/storage/app/public/series/ff32a260-57ab-11ea-90fc-93edc337332e/season_3_1//nonenc/mPpqLrB2NfZwBux2Fo1n_1500_%05d.ts'  
[2020-03-25 11:53:00] local.INFO: ffprobe running command '/usr/bin/ffprobe' '/var/www/html/storage/app/public/temp_movie/1_063a1bd48b3ca00dc6bbb4026095125e.avi' '-show_format' '-print_format' 'json'  
[2020-03-25 11:53:00] local.INFO: ffprobe executed command successfully  
[2020-03-25 11:53:11] local.INFO: ffmpeg executed command successfully  
[2020-03-25 11:53:11] local.INFO: ffmpeg running command '/usr/bin/ffmpeg' '-y' '-i' '/var/www/html/storage/app/public/temp_movie/1_063a1bd48b3ca00dc6bbb4026095125e.avi' '-map' '0' '-flags' '-global_header' '-f' 'segment' '-segment_format' 'mpeg_ts' '-segment_list' '/var/www/html/storage/app/public/series/ff32a260-57ab-11ea-90fc-93edc337332e/season_3_1//nonenc/mPpqLrB2NfZwBux2Fo1n_1500.m3u8' '-segment_time' '6' '-threads' '12' '-vcodec' 'libx264' '-acodec' 'aac' '-b:v' '1500k' '-refs' '6' '-coder' '1' '-sc_threshold' '40' '-flags' '+loop' '-me_range' '16' '-subq' '7' '-i_qfactor' '0.71' '-qcomp' '0.6' '-qdiff' '4' '-trellis' '1' '-b:a' '128k' '-pass' '2' '-passlogfile' '/tmp/ffmpeg-passes5e7b461bf41e12hj80/pass-5e7b461bf4237' '/var/www/html/storage/app/public/series/ff32a260-57ab-11ea-90fc-93edc337332e/season_3_1//nonenc/mPpqLrB2NfZwBux2Fo1n_1500_%05d.ts'  
[2020-03-25 11:53:51] local.INFO: ffmpeg executed command successfully  
[2020-03-25 11:53:51] local.INFO: 6. transcodingToHLS > Save movie.  
[2020-03-25 11:53:51] local.INFO: Transcoding done  
[2020-03-25 11:56:18] local.INFO: checkUpload -- [{"_token":"lZyRyKXeeGuUY5C4gPhgo8b52Ih9i2NxfByLkk7K","resumableChunkNumber":"1","resumableChunkSize":"1048576","resumableCurrentChunkSize":"1048576","resumableTotalSize":"3900888","resumableType":"video/x-msvideo","resumableIdentifier":"3900888-1avi","resumableFilename":"1.avi","resumableRelativePath":"1.avi","resumableTotalChunks":"3"}] 
[2020-03-25 11:56:18] local.INFO: check resumablefilestatus [null] 
[2020-03-25 11:56:18] local.INFO: checkUpload -- [{"_token":"lZyRyKXeeGuUY5C4gPhgo8b52Ih9i2NxfByLkk7K","resumableChunkNumber":"3","resumableChunkSize":"1048576","resumableCurrentChunkSize":"1803736","resumableTotalSize":"3900888","resumableType":"video/x-msvideo","resumableIdentifier":"3900888-1avi","resumableFilename":"1.avi","resumableRelativePath":"1.avi","resumableTotalChunks":"3"}] 
[2020-03-25 11:56:18] local.INFO: check resumablefilestatus [null] 
[2020-03-25 11:56:18] local.INFO: checkUpload -- [{"_token":"lZyRyKXeeGuUY5C4gPhgo8b52Ih9i2NxfByLkk7K","resumableChunkNumber":"2","resumableChunkSize":"1048576","resumableCurrentChunkSize":"1048576","resumableTotalSize":"3900888","resumableType":"video/x-msvideo","resumableIdentifier":"3900888-1avi","resumableFilename":"1.avi","resumableRelativePath":"1.avi","resumableTotalChunks":"3"}] 
[2020-03-25 11:56:18] local.INFO: check resumablefilestatus [null] 
[2020-03-25 11:56:30] local.INFO: upload --  ["1","3",true] 
[2020-03-25 11:56:30] local.INFO: upload -- all [{"_token":"QxDTLM4BsaGBC29s6uKf1Ye2pgxuahENOJEf0nJE","_previous":{"url":"http://3.135.237.146/api/upload?_token=lZyRyKXeeGuUY5C4gPhgo8b52Ih9i2NxfByLkk7K&resumableChunkNumber=2&resumableChunkSize=1048576&resumableCurrentChunkSize=1048576&resumableFilename=1.avi&resumableIdentifier=3900888-1avi&resumableRelativePath=1.avi&resumableTotalChunks=3&resumableTotalSize=3900888&resumableType=video%2Fx-msvideo"},"_flash":{"old":[],"new":[]},"resumablefilestatus-":"5","resumablefilestatus-3900888-1avi":"1"}] 
[2020-03-25 11:56:33] local.INFO: upload --  ["2","3",true] 
[2020-03-25 11:56:33] local.INFO: upload -- all [{"_token":"QxDTLM4BsaGBC29s6uKf1Ye2pgxuahENOJEf0nJE","_previous":{"url":"http://3.135.237.146/api/upload?_token=lZyRyKXeeGuUY5C4gPhgo8b52Ih9i2NxfByLkk7K&resumableChunkNumber=2&resumableChunkSize=1048576&resumableCurrentChunkSize=1048576&resumableFilename=1.avi&resumableIdentifier=3900888-1avi&resumableRelativePath=1.avi&resumableTotalChunks=3&resumableTotalSize=3900888&resumableType=video%2Fx-msvideo"},"_flash":{"old":[],"new":[]},"resumablefilestatus-":"5","resumablefilestatus-3900888-1avi":"2"}] 
[2020-03-25 11:56:36] local.INFO: upload --  ["3","3",false] 
[2020-03-25 11:56:36] local.INFO: upload -- all [{"_token":"QxDTLM4BsaGBC29s6uKf1Ye2pgxuahENOJEf0nJE","_previous":{"url":"http://3.135.237.146/api/upload?_token=lZyRyKXeeGuUY5C4gPhgo8b52Ih9i2NxfByLkk7K&resumableChunkNumber=2&resumableChunkSize=1048576&resumableCurrentChunkSize=1048576&resumableFilename=1.avi&resumableIdentifier=3900888-1avi&resumableRelativePath=1.avi&resumableTotalChunks=3&resumableTotalSize=3900888&resumableType=video%2Fx-msvideo"},"_flash":{"old":[],"new":[]},"resumablefilestatus-":"5","resumablefilestatus-3900888-1avi":"3"}] 
[2020-03-25 11:56:51] local.INFO: Transcoding start  
[2020-03-25 11:56:51] local.INFO: Cron has sent request for tanscoding  
[2020-03-25 11:56:51] local.INFO: 1. transcodingToHLS  
[2020-03-25 11:56:51] local.INFO: 2. transcodingToHLS > Create directory successfully.  
[2020-03-25 11:56:51] local.INFO: 3. transcodingToHLS > Start converting.  
[2020-03-25 11:56:51] local.INFO: ffprobe running command '/usr/bin/ffprobe' '-help' '-loglevel' 'quiet'  
[2020-03-25 11:56:51] local.INFO: ffprobe executed command successfully  
[2020-03-25 11:56:51] local.INFO: ffprobe running command '/usr/bin/ffprobe' '/var/www/html/storage/app/public/temp_movie/1_5e971d822abf6278e8666105afc5c942.avi' '-show_streams' '-print_format' 'json'  
[2020-03-25 11:56:51] local.INFO: ffprobe executed command successfully  
[2020-03-25 11:56:51] local.INFO: 4. transcodingToHLS > End converting.  
[2020-03-25 11:56:51] local.INFO: transcodingToHLS > Resolution.  
[2020-03-25 11:56:51] local.INFO: 5. transcodingToHLS > going to Save movie.  
[2020-03-25 11:56:51] local.INFO: trans user ["ubuntu   pts/0        Mar 25 11:48 (106.213.233.145)\nubuntu   pts/1        Mar 25 11:53 (106.213.233.145)\n"] 
[2020-03-25 11:56:51] local.INFO: ffmpeg running command '/usr/bin/ffmpeg' '-y' '-i' '/var/www/html/storage/app/public/temp_movie/1_5e971d822abf6278e8666105afc5c942.avi' '-map' '0' '-flags' '-global_header' '-f' 'segment' '-segment_format' 'mpeg_ts' '-segment_list' '/var/www/html/storage/app/public/series/ff32a260-57ab-11ea-90fc-93edc337332e/season_3_1//nonenc/h5Ymd3HDwY7DFqlYT5ND_1500.m3u8' '-segment_time' '6' '-threads' '12' '-vcodec' 'libx264' '-acodec' 'aac' '-b:v' '1500k' '-refs' '6' '-coder' '1' '-sc_threshold' '40' '-flags' '+loop' '-me_range' '16' '-subq' '7' '-i_qfactor' '0.71' '-qcomp' '0.6' '-qdiff' '4' '-trellis' '1' '-b:a' '128k' '-pass' '1' '-passlogfile' '/tmp/ffmpeg-passes5e7b4703b3e3d9x430/pass-5e7b4703b3e9a' '/var/www/html/storage/app/public/series/ff32a260-57ab-11ea-90fc-93edc337332e/season_3_1//nonenc/h5Ymd3HDwY7DFqlYT5ND_1500_%05d.ts'  
[2020-03-25 11:56:51] local.INFO: ffprobe running command '/usr/bin/ffprobe' '/var/www/html/storage/app/public/temp_movie/1_5e971d822abf6278e8666105afc5c942.avi' '-show_format' '-print_format' 'json'  
[2020-03-25 11:56:51] local.INFO: ffprobe executed command successfully  
[2020-03-25 11:57:03] local.INFO: ffmpeg executed command successfully  
[2020-03-25 11:57:03] local.INFO: ffmpeg running command '/usr/bin/ffmpeg' '-y' '-i' '/var/www/html/storage/app/public/temp_movie/1_5e971d822abf6278e8666105afc5c942.avi' '-map' '0' '-flags' '-global_header' '-f' 'segment' '-segment_format' 'mpeg_ts' '-segment_list' '/var/www/html/storage/app/public/series/ff32a260-57ab-11ea-90fc-93edc337332e/season_3_1//nonenc/h5Ymd3HDwY7DFqlYT5ND_1500.m3u8' '-segment_time' '6' '-threads' '12' '-vcodec' 'libx264' '-acodec' 'aac' '-b:v' '1500k' '-refs' '6' '-coder' '1' '-sc_threshold' '40' '-flags' '+loop' '-me_range' '16' '-subq' '7' '-i_qfactor' '0.71' '-qcomp' '0.6' '-qdiff' '4' '-trellis' '1' '-b:a' '128k' '-pass' '2' '-passlogfile' '/tmp/ffmpeg-passes5e7b4703b3e3d9x430/pass-5e7b4703b3e9a' '/var/www/html/storage/app/public/series/ff32a260-57ab-11ea-90fc-93edc337332e/season_3_1//nonenc/h5Ymd3HDwY7DFqlYT5ND_1500_%05d.ts'  
[2020-03-25 11:57:43] local.INFO: ffmpeg executed command successfully  
[2020-03-25 11:57:43] local.INFO: 6. transcodingToHLS > Save movie.  
[2020-03-25 11:57:43] local.INFO: Transcoding done  
[2020-03-25 11:58:25] local.INFO: checkUpload -- [{"_token":"lZyRyKXeeGuUY5C4gPhgo8b52Ih9i2NxfByLkk7K","resumableChunkNumber":"2","resumableChunkSize":"1048576","resumableCurrentChunkSize":"1223572","resumableTotalSize":"2272148","resumableType":"video/x-msvideo","resumableIdentifier":"2272148-2avi","resumableFilename":"2.avi","resumableRelativePath":"2.avi","resumableTotalChunks":"2"}] 
[2020-03-25 11:58:25] local.INFO: checkUpload -- [{"_token":"lZyRyKXeeGuUY5C4gPhgo8b52Ih9i2NxfByLkk7K","resumableChunkNumber":"1","resumableChunkSize":"1048576","resumableCurrentChunkSize":"1048576","resumableTotalSize":"2272148","resumableType":"video/x-msvideo","resumableIdentifier":"2272148-2avi","resumableFilename":"2.avi","resumableRelativePath":"2.avi","resumableTotalChunks":"2"}] 
[2020-03-25 11:58:25] local.INFO: check resumablefilestatus [null] 
[2020-03-25 11:58:25] local.INFO: check resumablefilestatus [null] 
[2020-03-25 11:58:38] local.INFO: upload --  ["1","2",true] 
[2020-03-25 11:58:38] local.INFO: upload -- all [{"_token":"QxDTLM4BsaGBC29s6uKf1Ye2pgxuahENOJEf0nJE","_previous":{"url":"http://3.135.237.146/api/upload?_token=lZyRyKXeeGuUY5C4gPhgo8b52Ih9i2NxfByLkk7K&resumableChunkNumber=2&resumableChunkSize=1048576&resumableCurrentChunkSize=1223572&resumableFilename=2.avi&resumableIdentifier=2272148-2avi&resumableRelativePath=2.avi&resumableTotalChunks=2&resumableTotalSize=2272148&resumableType=video%2Fx-msvideo"},"_flash":{"old":[],"new":[]},"resumablefilestatus-":"5","resumablefilestatus-2272148-2avi":"1"}] 
[2020-03-25 11:58:39] local.INFO: checkUpload -- [{"_token":"lZyRyKXeeGuUY5C4gPhgo8b52Ih9i2NxfByLkk7K","resumableChunkNumber":"1","resumableChunkSize":"1048576","resumableCurrentChunkSize":"1048576","resumableTotalSize":"2272148","resumableType":"video/x-msvideo","resumableIdentifier":"2272148-2avi","resumableFilename":"2.avi","resumableRelativePath":"2.avi","resumableTotalChunks":"2"}] 
[2020-03-25 11:58:39] local.INFO: check resumablefilestatus ["1"] 
[2020-03-25 11:58:39] local.INFO: checkUpload -- [{"_token":"lZyRyKXeeGuUY5C4gPhgo8b52Ih9i2NxfByLkk7K","resumableChunkNumber":"2","resumableChunkSize":"1048576","resumableCurrentChunkSize":"1223572","resumableTotalSize":"2272148","resumableType":"video/x-msvideo","resumableIdentifier":"2272148-2avi","resumableFilename":"2.avi","resumableRelativePath":"2.avi","resumableTotalChunks":"2"}] 
[2020-03-25 11:58:39] local.INFO: check resumablefilestatus ["1"] 
[2020-03-25 11:58:39] local.INFO: upload --  ["2","2",false] 
[2020-03-25 11:58:39] local.INFO: upload -- all [{"_token":"QxDTLM4BsaGBC29s6uKf1Ye2pgxuahENOJEf0nJE","_previous":{"url":"http://3.135.237.146/api/upload?_token=lZyRyKXeeGuUY5C4gPhgo8b52Ih9i2NxfByLkk7K&resumableChunkNumber=1&resumableChunkSize=1048576&resumableCurrentChunkSize=1048576&resumableFilename=2.avi&resumableIdentifier=2272148-2avi&resumableRelativePath=2.avi&resumableTotalChunks=2&resumableTotalSize=2272148&resumableType=video%2Fx-msvideo"},"_flash":{"old":[],"new":[]},"resumablefilestatus-":"5","resumablefilestatus-2272148-2avi":"2"}] 
[2020-03-25 11:58:45] local.INFO: upload --  ["2","2",false] 
[2020-03-25 11:58:45] local.INFO: upload -- all [{"_token":"QxDTLM4BsaGBC29s6uKf1Ye2pgxuahENOJEf0nJE","_previous":{"url":"http://3.135.237.146/api/upload?_token=lZyRyKXeeGuUY5C4gPhgo8b52Ih9i2NxfByLkk7K&resumableChunkNumber=1&resumableChunkSize=1048576&resumableCurrentChunkSize=1048576&resumableFilename=2.avi&resumableIdentifier=2272148-2avi&resumableRelativePath=2.avi&resumableTotalChunks=2&resumableTotalSize=2272148&resumableType=video%2Fx-msvideo"},"_flash":{"old":[],"new":[]},"resumablefilestatus-":"5","resumablefilestatus-2272148-2avi":"2"}] 
[2020-03-25 11:58:58] local.INFO: checkUpload -- [{"_token":"lZyRyKXeeGuUY5C4gPhgo8b52Ih9i2NxfByLkk7K","resumableChunkNumber":"2","resumableChunkSize":"1048576","resumableCurrentChunkSize":"1223572","resumableTotalSize":"2272148","resumableType":"video/x-msvideo","resumableIdentifier":"2272148-2avi","resumableFilename":"2.avi","resumableRelativePath":"2.avi","resumableTotalChunks":"2"}] 
[2020-03-25 11:58:58] local.INFO: check resumablefilestatus [null] 
[2020-03-25 11:58:58] local.INFO: checkUpload -- [{"_token":"lZyRyKXeeGuUY5C4gPhgo8b52Ih9i2NxfByLkk7K","resumableChunkNumber":"1","resumableChunkSize":"1048576","resumableCurrentChunkSize":"1048576","resumableTotalSize":"2272148","resumableType":"video/x-msvideo","resumableIdentifier":"2272148-2avi","resumableFilename":"2.avi","resumableRelativePath":"2.avi","resumableTotalChunks":"2"}] 
[2020-03-25 11:58:58] local.INFO: check resumablefilestatus [null] 
[2020-03-25 11:59:08] local.INFO: upload --  ["2","2",false] 
[2020-03-25 11:59:08] local.INFO: upload -- all [{"_token":"QxDTLM4BsaGBC29s6uKf1Ye2pgxuahENOJEf0nJE","_previous":{"url":"http://3.135.237.146/api/upload?_token=lZyRyKXeeGuUY5C4gPhgo8b52Ih9i2NxfByLkk7K&resumableChunkNumber=1&resumableChunkSize=1048576&resumableCurrentChunkSize=1048576&resumableFilename=2.avi&resumableIdentifier=2272148-2avi&resumableRelativePath=2.avi&resumableTotalChunks=2&resumableTotalSize=2272148&resumableType=video%2Fx-msvideo"},"_flash":{"old":[],"new":[]},"resumablefilestatus-":"5","resumablefilestatus-2272148-2avi":"2"}] 
[2020-03-25 11:59:09] local.INFO: upload --  ["1","2",true] 
[2020-03-25 11:59:09] local.INFO: upload -- all [{"_token":"QxDTLM4BsaGBC29s6uKf1Ye2pgxuahENOJEf0nJE","_previous":{"url":"http://3.135.237.146/api/upload?_token=lZyRyKXeeGuUY5C4gPhgo8b52Ih9i2NxfByLkk7K&resumableChunkNumber=1&resumableChunkSize=1048576&resumableCurrentChunkSize=1048576&resumableFilename=2.avi&resumableIdentifier=2272148-2avi&resumableRelativePath=2.avi&resumableTotalChunks=2&resumableTotalSize=2272148&resumableType=video%2Fx-msvideo"},"_flash":{"old":[],"new":[]},"resumablefilestatus-":"5","resumablefilestatus-2272148-2avi":"1"}] 
[2020-03-25 11:59:35] local.INFO: Transcoding start  
[2020-03-25 11:59:37] local.INFO: Cron has sent request for tanscoding  
[2020-03-25 12:14:44] local.INFO: Transcoding start  
[2020-03-25 12:14:44] local.INFO: Cron has sent request for tanscoding  
[2020-03-25 12:14:44] local.INFO: 1. transcodingToHLS  
[2020-03-25 12:14:44] local.INFO: 2. transcodingToHLS > Create directory successfully.  
[2020-03-25 12:14:44] local.INFO: 3. transcodingToHLS > Start converting.  
[2020-03-25 12:14:44] local.INFO: ffprobe running command '/usr/bin/ffprobe' '-help' '-loglevel' 'quiet'  
[2020-03-25 12:14:44] local.INFO: ffprobe executed command successfully  
[2020-03-25 12:14:44] local.INFO: ffprobe running command '/usr/bin/ffprobe' '/var/www/html/storage/app/public/temp_movie/3_e46772972751c256fa3581fb5fb477a1.avi' '-show_streams' '-print_format' 'json'  
[2020-03-25 12:14:44] local.INFO: ffprobe executed command successfully  
[2020-03-25 12:14:44] local.INFO: 4. transcodingToHLS > End converting.  
[2020-03-25 12:14:44] local.INFO: transcodingToHLS > Resolution.  
[2020-03-25 12:14:44] local.INFO: 5. transcodingToHLS > going to Save movie.  
[2020-03-25 12:14:44] local.INFO: trans user ["ubuntu   pts/0        Mar 25 11:48 (106.213.233.145)\nubuntu   pts/1        Mar 25 11:53 (106.213.233.145)\nubuntu   pts/2        Mar 25 12:00 (106.213.233.145)\n"] 
[2020-03-25 12:14:44] local.INFO: ffmpeg running command '/usr/bin/ffmpeg' '-y' '-i' '/var/www/html/storage/app/public/temp_movie/3_e46772972751c256fa3581fb5fb477a1.avi' '-map' '0' '-flags' '-global_header' '-f' 'segment' '-segment_format' 'mpeg_ts' '-segment_list' '/var/www/html/storage/app/public/series/ff32a260-57ab-11ea-90fc-93edc337332e/season_3_3//nonenc/lzHydQEvAnIY2Onh81Cg_1500.m3u8' '-segment_time' '6' '-threads' '12' '-vcodec' 'libx264' '-acodec' 'aac' '-b:v' '1500k' '-refs' '6' '-coder' '1' '-sc_threshold' '40' '-flags' '+loop' '-me_range' '16' '-subq' '7' '-i_qfactor' '0.71' '-qcomp' '0.6' '-qdiff' '4' '-trellis' '1' '-b:a' '128k' '-pass' '1' '-passlogfile' '/tmp/ffmpeg-passes5e7b4b34f09b0eshxs/pass-5e7b4b34f0a07' '/var/www/html/storage/app/public/series/ff32a260-57ab-11ea-90fc-93edc337332e/season_3_3//nonenc/lzHydQEvAnIY2Onh81Cg_1500_%05d.ts'  
[2020-03-25 12:14:45] local.INFO: ffprobe running command '/usr/bin/ffprobe' '/var/www/html/storage/app/public/temp_movie/3_e46772972751c256fa3581fb5fb477a1.avi' '-show_format' '-print_format' 'json'  
[2020-03-25 12:14:45] local.INFO: ffprobe executed command successfully  
[2020-03-25 12:14:46] local.INFO: ffmpeg executed command successfully  
[2020-03-25 12:14:46] local.INFO: ffmpeg running command '/usr/bin/ffmpeg' '-y' '-i' '/var/www/html/storage/app/public/temp_movie/3_e46772972751c256fa3581fb5fb477a1.avi' '-map' '0' '-flags' '-global_header' '-f' 'segment' '-segment_format' 'mpeg_ts' '-segment_list' '/var/www/html/storage/app/public/series/ff32a260-57ab-11ea-90fc-93edc337332e/season_3_3//nonenc/lzHydQEvAnIY2Onh81Cg_1500.m3u8' '-segment_time' '6' '-threads' '12' '-vcodec' 'libx264' '-acodec' 'aac' '-b:v' '1500k' '-refs' '6' '-coder' '1' '-sc_threshold' '40' '-flags' '+loop' '-me_range' '16' '-subq' '7' '-i_qfactor' '0.71' '-qcomp' '0.6' '-qdiff' '4' '-trellis' '1' '-b:a' '128k' '-pass' '2' '-passlogfile' '/tmp/ffmpeg-passes5e7b4b34f09b0eshxs/pass-5e7b4b34f0a07' '/var/www/html/storage/app/public/series/ff32a260-57ab-11ea-90fc-93edc337332e/season_3_3//nonenc/lzHydQEvAnIY2Onh81Cg_1500_%05d.ts'  
[2020-03-25 12:14:51] local.INFO: ffmpeg executed command successfully  
[2020-03-25 12:14:51] local.INFO: 6. transcodingToHLS > Save movie.  
[2020-03-25 12:14:52] local.INFO: Transcoding done  
[2020-03-25 12:17:46] local.INFO: Transcoding start  
[2020-03-25 12:17:46] local.INFO: Cron has sent request for tanscoding  
[2020-03-25 12:17:46] local.INFO: 1. transcodingToHLS  
[2020-03-25 12:17:46] local.INFO: 2. transcodingToHLS > Create directory successfully.  
[2020-03-25 12:17:46] local.INFO: 3. transcodingToHLS > Start converting.  
[2020-03-25 12:17:46] local.INFO: ffprobe running command '/usr/bin/ffprobe' '-help' '-loglevel' 'quiet'  
[2020-03-25 12:17:46] local.INFO: ffprobe executed command successfully  
[2020-03-25 12:17:46] local.INFO: ffprobe running command '/usr/bin/ffprobe' '/var/www/html/storage/app/public/temp_movie/4_a5e228d98dab5f8a0d9258fecc154a0a.avi' '-show_streams' '-print_format' 'json'  
[2020-03-25 12:17:46] local.INFO: ffprobe executed command successfully  
[2020-03-25 12:17:46] local.INFO: 4. transcodingToHLS > End converting.  
[2020-03-25 12:17:46] local.INFO: transcodingToHLS > Resolution.  
[2020-03-25 12:17:46] local.INFO: 5. transcodingToHLS > going to Save movie.  
[2020-03-25 12:17:46] local.INFO: trans user ["ubuntu   pts/0        Mar 25 11:48 (106.213.233.145)\nubuntu   pts/1        Mar 25 11:53 (106.213.233.145)\nubuntu   pts/2        Mar 25 12:00 (106.213.233.145)\n"] 
[2020-03-25 12:17:46] local.INFO: ffmpeg running command '/usr/bin/ffmpeg' '-y' '-i' '/var/www/html/storage/app/public/temp_movie/4_a5e228d98dab5f8a0d9258fecc154a0a.avi' '-map' '0' '-flags' '-global_header' '-f' 'segment' '-segment_format' 'mpeg_ts' '-segment_list' '/var/www/html/storage/app/public/series/ff32a260-57ab-11ea-90fc-93edc337332e/season_3_4//nonenc/OVT5rsVvCf03cO9xgCpt_1500.m3u8' '-segment_time' '6' '-threads' '12' '-vcodec' 'libx264' '-acodec' 'aac' '-b:v' '1500k' '-refs' '6' '-coder' '1' '-sc_threshold' '40' '-flags' '+loop' '-me_range' '16' '-subq' '7' '-i_qfactor' '0.71' '-qcomp' '0.6' '-qdiff' '4' '-trellis' '1' '-b:a' '128k' '-pass' '1' '-passlogfile' '/tmp/ffmpeg-passes5e7b4bea5a243dhykx/pass-5e7b4bea5a2a8' '/var/www/html/storage/app/public/series/ff32a260-57ab-11ea-90fc-93edc337332e/season_3_4//nonenc/OVT5rsVvCf03cO9xgCpt_1500_%05d.ts'  
[2020-03-25 12:17:46] local.INFO: ffprobe running command '/usr/bin/ffprobe' '/var/www/html/storage/app/public/temp_movie/4_a5e228d98dab5f8a0d9258fecc154a0a.avi' '-show_format' '-print_format' 'json'  
[2020-03-25 12:17:46] local.INFO: ffprobe executed command successfully  
[2020-03-25 12:18:27] local.INFO: ffmpeg executed command successfully  
[2020-03-25 12:18:27] local.INFO: ffmpeg running command '/usr/bin/ffmpeg' '-y' '-i' '/var/www/html/storage/app/public/temp_movie/4_a5e228d98dab5f8a0d9258fecc154a0a.avi' '-map' '0' '-flags' '-global_header' '-f' 'segment' '-segment_format' 'mpeg_ts' '-segment_list' '/var/www/html/storage/app/public/series/ff32a260-57ab-11ea-90fc-93edc337332e/season_3_4//nonenc/OVT5rsVvCf03cO9xgCpt_1500.m3u8' '-segment_time' '6' '-threads' '12' '-vcodec' 'libx264' '-acodec' 'aac' '-b:v' '1500k' '-refs' '6' '-coder' '1' '-sc_threshold' '40' '-flags' '+loop' '-me_range' '16' '-subq' '7' '-i_qfactor' '0.71' '-qcomp' '0.6' '-qdiff' '4' '-trellis' '1' '-b:a' '128k' '-pass' '2' '-passlogfile' '/tmp/ffmpeg-passes5e7b4bea5a243dhykx/pass-5e7b4bea5a2a8' '/var/www/html/storage/app/public/series/ff32a260-57ab-11ea-90fc-93edc337332e/season_3_4//nonenc/OVT5rsVvCf03cO9xgCpt_1500_%05d.ts'  
[2020-03-25 12:19:58] local.INFO: ffmpeg executed command successfully  
[2020-03-25 12:19:58] local.INFO: 6. transcodingToHLS > Save movie.  
[2020-03-25 12:19:59] local.INFO: Transcoding done  
