[2020-03-23 05:38:21][2204] Processing: App\Jobs\ConvertSeriesVideo
[2020-03-23 05:38:35][2205] Processing: App\Events\EventTrigger
[2020-03-23 05:38:36][2205] Processed:  App\Events\EventTrigger
[2020-03-23 05:38:43][2206] Processing: App\Events\EventTrigger
[2020-03-23 05:38:44][2206] Processed:  App\Events\EventTrigger
[2020-03-23 05:38:51][2207] Processing: App\Events\EventTrigger
[2020-03-23 05:38:52][2207] Processed:  App\Events\EventTrigger
[2020-03-23 05:39:01][2208] Processing: App\Events\EventTrigger
[2020-03-23 05:39:02][2208] Processed:  App\Events\EventTrigger
[2020-03-23 05:39:10][2209] Processing: App\Events\EventTrigger
[2020-03-23 05:39:10][2209] Processed:  App\Events\EventTrigger
[2020-03-23 05:39:16][2210] Processing: App\Events\EventTrigger
[2020-03-23 05:39:17][2210] Processed:  App\Events\EventTrigger
[2020-03-23 05:39:25][2211] Processing: App\Events\EventTrigger
[2020-03-23 05:39:26][2211] Processed:  App\Events\EventTrigger
[2020-03-23 05:39:34][2212] Processing: App\Events\EventTrigger
[2020-03-23 05:39:34][2212] Processed:  App\Events\EventTrigger
[2020-03-23 05:39:41][2213] Processing: App\Events\EventTrigger
[2020-03-23 05:39:42][2213] Processed:  App\Events\EventTrigger
[2020-03-23 05:39:50][2214] Processing: App\Events\EventTrigger
[2020-03-23 05:39:50][2214] Processed:  App\Events\EventTrigger
[2020-03-23 05:39:58][2215] Processing: App\Events\EventTrigger
[2020-03-23 05:39:58][2215] Processed:  App\Events\EventTrigger
[2020-03-23 05:40:05][2216] Processing: App\Events\EventTrigger
[2020-03-23 05:40:06][2216] Processed:  App\Events\EventTrigger
[2020-03-23 05:40:14][2217] Processing: App\Events\EventTrigger
[2020-03-23 05:40:14][2217] Processed:  App\Events\EventTrigger
[2020-03-23 05:40:23][2218] Processing: App\Events\EventTrigger
[2020-03-23 05:40:23][2218] Processed:  App\Events\EventTrigger
[2020-03-23 05:40:32][2219] Processing: App\Events\EventTrigger
[2020-03-23 05:40:32][2219] Processed:  App\Events\EventTrigger
[2020-03-23 05:40:41][2220] Processing: App\Events\EventTrigger
[2020-03-23 05:40:41][2220] Processed:  App\Events\EventTrigger
[2020-03-23 05:40:49][2221] Processing: App\Events\EventTrigger
[2020-03-23 05:40:49][2221] Processed:  App\Events\EventTrigger
[2020-03-23 05:40:58][2222] Processing: App\Events\EventTrigger
[2020-03-23 05:40:59][2222] Processed:  App\Events\EventTrigger
[2020-03-23 05:41:06][2223] Processing: App\Events\EventTrigger
[2020-03-23 05:41:06][2223] Processed:  App\Events\EventTrigger
[2020-03-23 05:41:14][2224] Processing: App\Events\EventTrigger
[2020-03-23 05:41:14][2224] Processed:  App\Events\EventTrigger
[2020-03-23 05:41:23][2225] Processing: App\Events\EventTrigger
[2020-03-23 05:41:23][2225] Processed:  App\Events\EventTrigger
[2020-03-23 05:41:32][2226] Processing: App\Events\EventTrigger
[2020-03-23 05:41:32][2226] Processed:  App\Events\EventTrigger
[2020-03-23 05:41:39][2227] Processing: App\Events\EventTrigger
[2020-03-23 05:41:40][2227] Processed:  App\Events\EventTrigger
[2020-03-23 05:41:49][2228] Processing: App\Events\EventTrigger
[2020-03-23 05:41:49][2228] Processed:  App\Events\EventTrigger
[2020-03-23 05:41:58][2229] Processing: App\Events\EventTrigger
[2020-03-23 05:41:58][2229] Processed:  App\Events\EventTrigger
[2020-03-23 05:42:19][2230] Processing: App\Events\EventTrigger
[2020-03-23 05:42:19][2230] Processed:  App\Events\EventTrigger
[2020-03-23 05:42:45][2231] Processing: App\Events\EventTrigger
[2020-03-23 05:42:45][2231] Processed:  App\Events\EventTrigger
[2020-03-23 05:43:11][2232] Processing: App\Events\EventTrigger
[2020-03-23 05:43:12][2232] Processed:  App\Events\EventTrigger
[2020-03-23 05:43:38][2233] Processing: App\Events\EventTrigger
[2020-03-23 05:43:39][2233] Processed:  App\Events\EventTrigger
[2020-03-23 05:44:04][2234] Processing: App\Events\EventTrigger
[2020-03-23 05:44:05][2234] Processed:  App\Events\EventTrigger
[2020-03-23 05:44:29][2235] Processing: App\Events\EventTrigger
[2020-03-23 05:44:30][2235] Processed:  App\Events\EventTrigger
[2020-03-23 05:44:51][2236] Processing: App\Events\EventTrigger
[2020-03-23 05:44:52][2236] Processed:  App\Events\EventTrigger
[2020-03-23 05:45:15][2237] Processing: App\Events\EventTrigger
[2020-03-23 05:45:16][2237] Processed:  App\Events\EventTrigger
[2020-03-23 05:45:38][2238] Processing: App\Events\EventTrigger
[2020-03-23 05:45:39][2238] Processed:  App\Events\EventTrigger
[2020-03-23 05:46:00][2239] Processing: App\Events\EventTrigger
[2020-03-23 05:46:01][2239] Processed:  App\Events\EventTrigger
[2020-03-23 05:46:24][2240] Processing: App\Events\EventTrigger
[2020-03-23 05:46:24][2240] Processed:  App\Events\EventTrigger
[2020-03-23 05:46:47][2241] Processing: App\Events\EventTrigger
[2020-03-23 05:46:48][2241] Processed:  App\Events\EventTrigger
[2020-03-23 05:47:12][2242] Processing: App\Events\EventTrigger
[2020-03-23 05:47:13][2242] Processed:  App\Events\EventTrigger
[2020-03-23 05:47:37][2243] Processing: App\Events\EventTrigger
[2020-03-23 05:47:38][2243] Processed:  App\Events\EventTrigger
[2020-03-23 05:48:06][2244] Processing: App\Events\EventTrigger
[2020-03-23 05:48:07][2244] Processed:  App\Events\EventTrigger
[2020-03-23 05:48:34][2245] Processing: App\Events\EventTrigger
[2020-03-23 05:48:34][2245] Processed:  App\Events\EventTrigger
[2020-03-23 05:49:03][2246] Processing: App\Events\EventTrigger
[2020-03-23 05:49:04][2246] Processed:  App\Events\EventTrigger
[2020-03-23 05:49:31][2247] Processing: App\Events\EventTrigger
[2020-03-23 05:49:32][2247] Processed:  App\Events\EventTrigger
[2020-03-23 05:49:57][2248] Processing: App\Events\EventTrigger
[2020-03-23 05:49:58][2248] Processed:  App\Events\EventTrigger
[2020-03-23 05:50:24][2249] Processing: App\Events\EventTrigger
[2020-03-23 05:50:25][2249] Processed:  App\Events\EventTrigger
[2020-03-23 05:50:52][2250] Processing: App\Events\EventTrigger
[2020-03-23 05:50:53][2250] Processed:  App\Events\EventTrigger
[2020-03-23 05:51:19][2251] Processing: App\Events\EventTrigger
[2020-03-23 05:51:20][2251] Processed:  App\Events\EventTrigger
[2020-03-23 05:51:46][2252] Processing: App\Events\EventTrigger
[2020-03-23 05:51:47][2252] Processed:  App\Events\EventTrigger
[2020-03-23 05:52:16][2253] Processing: App\Events\EventTrigger
[2020-03-23 05:52:17][2253] Processed:  App\Events\EventTrigger
[2020-03-23 05:52:52][2254] Processing: App\Events\EventTrigger
[2020-03-23 05:52:53][2254] Processed:  App\Events\EventTrigger
[2020-03-23 08:27:23][2255] Processing: App\Jobs\ConvertVideo
[2020-03-23 08:27:26][2256] Processing: App\Events\EventTrigger
[2020-03-23 08:27:26][2257] Processing: App\Events\EventTrigger
[2020-03-23 08:27:26][2257] Processed:  App\Events\EventTrigger
[2020-03-23 08:27:26][2258] Processing: App\Events\EventTrigger
[2020-03-23 08:27:26][2256] Processed:  App\Events\EventTrigger
[2020-03-23 08:27:27][2258] Processed:  App\Events\EventTrigger
[2020-03-23 08:27:29][2259] Processing: App\Events\EventTrigger
[2020-03-23 08:27:29][2260] Processing: App\Events\EventTrigger
[2020-03-23 08:27:29][2260] Processed:  App\Events\EventTrigger
[2020-03-23 08:27:29][2261] Processing: App\Events\EventTrigger
[2020-03-23 08:27:29][2259] Processed:  App\Events\EventTrigger
[2020-03-23 08:27:30][2261] Processed:  App\Events\EventTrigger
[2020-03-23 08:27:32][2262] Processing: App\Events\EventTrigger
[2020-03-23 08:27:32][2263] Processing: App\Events\EventTrigger
[2020-03-23 08:27:32][2262] Processed:  App\Events\EventTrigger
[2020-03-23 08:27:32][2264] Processing: App\Events\EventTrigger
[2020-03-23 08:27:32][2263] Processed:  App\Events\EventTrigger
[2020-03-23 08:27:33][2264] Processed:  App\Events\EventTrigger
[2020-03-23 08:27:35][2265] Processing: App\Events\EventTrigger
[2020-03-23 08:27:35][2265] Processed:  App\Events\EventTrigger
[2020-03-23 08:27:35][2266] Processing: App\Events\EventTrigger
[2020-03-23 08:27:35][2267] Processing: App\Events\EventTrigger
[2020-03-23 08:27:36][2266] Processed:  App\Events\EventTrigger
[2020-03-23 08:27:38][2268] Processing: App\Events\EventTrigger
[2020-03-23 08:27:38][2269] Processing: App\Events\EventTrigger
[2020-03-23 08:27:39][2268] Processed:  App\Events\EventTrigger
[2020-03-23 08:27:39][2270] Processing: App\Events\EventTrigger
[2020-03-23 08:27:39][2269] Processed:  App\Events\EventTrigger
[2020-03-23 08:27:39][2270] Processed:  App\Events\EventTrigger
[2020-03-23 08:27:42][2271] Processing: App\Events\EventTrigger
[2020-03-23 08:27:42][2272] Processing: App\Events\EventTrigger
[2020-03-23 08:27:42][2273] Processing: App\Events\EventTrigger
[2020-03-23 08:27:42][2271] Processed:  App\Events\EventTrigger
[2020-03-23 08:27:42][2273] Processed:  App\Events\EventTrigger
[2020-03-23 08:27:42][2272] Processed:  App\Events\EventTrigger
[2020-03-23 08:27:45][2274] Processing: App\Events\EventTrigger
[2020-03-23 08:27:45][2275] Processing: App\Events\EventTrigger
[2020-03-23 08:27:45][2276] Processing: App\Events\EventTrigger
[2020-03-23 08:27:45][2274] Processed:  App\Events\EventTrigger
[2020-03-23 08:27:45][2275] Processed:  App\Events\EventTrigger
[2020-03-23 08:27:45][2276] Processed:  App\Events\EventTrigger
[2020-03-23 08:27:48][2277] Processing: App\Events\EventTrigger
[2020-03-23 08:27:48][2278] Processing: App\Events\EventTrigger
[2020-03-23 08:27:48][2279] Processing: App\Events\EventTrigger
[2020-03-23 08:27:48][2277] Processed:  App\Events\EventTrigger
[2020-03-23 08:27:48][2278] Processed:  App\Events\EventTrigger
[2020-03-23 08:27:48][2279] Processed:  App\Events\EventTrigger
[2020-03-23 08:27:51][2280] Processing: App\Events\EventTrigger
[2020-03-23 08:27:51][2280] Processed:  App\Events\EventTrigger
[2020-03-23 08:27:54][2281] Processing: App\Events\EventTrigger
[2020-03-23 08:27:54][2281] Processed:  App\Events\EventTrigger
[2020-03-23 08:27:57][2282] Processing: App\Events\EventTrigger
[2020-03-23 08:27:57][2282] Processed:  App\Events\EventTrigger
[2020-03-23 08:28:00][2283] Processing: App\Events\EventTrigger
[2020-03-23 08:28:00][2284] Processing: App\Events\EventTrigger
[2020-03-23 08:28:00][2283] Processed:  App\Events\EventTrigger
[2020-03-23 08:28:00][2284] Processed:  App\Events\EventTrigger
[2020-03-23 08:28:03][2285] Processing: App\Events\EventTrigger
[2020-03-23 08:28:03][2285] Processed:  App\Events\EventTrigger
[2020-03-23 08:28:06][2286] Processing: App\Events\EventTrigger
[2020-03-23 08:28:06][2286] Processed:  App\Events\EventTrigger
[2020-03-23 08:28:09][2287] Processing: App\Events\EventTrigger
[2020-03-23 08:28:09][2287] Processed:  App\Events\EventTrigger
[2020-03-23 08:28:12][2288] Processing: App\Events\EventTrigger
[2020-03-23 08:28:12][2288] Processed:  App\Events\EventTrigger
[2020-03-23 08:28:15][2289] Processing: App\Events\EventTrigger
[2020-03-23 08:28:15][2289] Processed:  App\Events\EventTrigger
[2020-03-23 08:28:18][2290] Processing: App\Events\EventTrigger
[2020-03-23 08:28:18][2290] Processed:  App\Events\EventTrigger
[2020-03-23 08:28:21][2291] Processing: App\Events\EventTrigger
[2020-03-23 08:28:21][2291] Processed:  App\Events\EventTrigger
[2020-03-23 08:28:24][2292] Processing: App\Events\EventTrigger
[2020-03-23 08:28:24][2293] Processing: App\Events\EventTrigger
[2020-03-23 08:28:24][2292] Processed:  App\Events\EventTrigger
[2020-03-23 08:28:24][2293] Processed:  App\Events\EventTrigger
[2020-03-23 08:28:27][2294] Processing: App\Events\EventTrigger
[2020-03-23 08:28:27][2294] Processed:  App\Events\EventTrigger
[2020-03-23 08:28:30][2295] Processing: App\Events\EventTrigger
[2020-03-23 08:28:30][2295] Processed:  App\Events\EventTrigger
[2020-03-23 08:28:33][2296] Processing: App\Events\EventTrigger
[2020-03-23 08:28:34][2296] Processed:  App\Events\EventTrigger
[2020-03-23 08:28:36][2297] Processing: App\Events\EventTrigger
[2020-03-23 08:28:37][2297] Processed:  App\Events\EventTrigger
[2020-03-23 08:28:40][2298] Processing: App\Events\EventTrigger
[2020-03-23 08:28:40][2298] Processed:  App\Events\EventTrigger
[2020-03-23 08:28:42][2299] Processing: App\Events\EventTrigger
[2020-03-23 08:28:42][2299] Processed:  App\Events\EventTrigger
[2020-03-23 08:28:45][2300] Processing: App\Events\EventTrigger
[2020-03-23 08:28:46][2300] Processed:  App\Events\EventTrigger
[2020-03-23 08:28:48][2301] Processing: App\Events\EventTrigger
[2020-03-23 08:28:49][2301] Processed:  App\Events\EventTrigger
[2020-03-23 08:28:51][2302] Processing: App\Events\EventTrigger
[2020-03-23 08:28:52][2303] Processing: App\Events\EventTrigger
[2020-03-23 08:28:52][2302] Processed:  App\Events\EventTrigger
[2020-03-23 08:28:52][2303] Processed:  App\Events\EventTrigger
[2020-03-23 09:19:26][2304] Processing: App\Jobs\ConvertVideo
[2020-03-23 09:19:29][2305] Processing: App\Events\EventTrigger
[2020-03-23 09:19:30][2305] Processed:  App\Events\EventTrigger
[2020-03-23 09:19:33][2306] Processing: App\Events\EventTrigger
[2020-03-23 09:19:34][2306] Processed:  App\Events\EventTrigger
[2020-03-23 09:19:36][2307] Processing: App\Events\EventTrigger
[2020-03-23 09:19:37][2307] Processed:  App\Events\EventTrigger
[2020-03-23 09:19:39][2308] Processing: App\Events\EventTrigger
[2020-03-23 09:19:39][2308] Processed:  App\Events\EventTrigger
[2020-03-23 09:19:42][2309] Processing: App\Events\EventTrigger
[2020-03-23 09:19:42][2309] Processed:  App\Events\EventTrigger
[2020-03-23 09:19:45][2310] Processing: App\Events\EventTrigger
[2020-03-23 09:19:46][2310] Processed:  App\Events\EventTrigger
[2020-03-23 09:19:49][2311] Processing: App\Events\EventTrigger
[2020-03-23 09:19:49][2311] Processed:  App\Events\EventTrigger
[2020-03-23 09:19:53][2312] Processing: App\Events\EventTrigger
[2020-03-23 09:19:54][2312] Processed:  App\Events\EventTrigger
[2020-03-23 09:19:56][2313] Processing: App\Events\EventTrigger
[2020-03-23 09:19:57][2313] Processed:  App\Events\EventTrigger
[2020-03-23 09:20:08][2314] Processing: App\Events\EventTrigger
[2020-03-23 09:20:09][2314] Processed:  App\Events\EventTrigger
[2020-03-23 09:20:19][2315] Processing: App\Events\EventTrigger
[2020-03-23 09:20:19][2315] Processed:  App\Events\EventTrigger
[2020-03-23 09:20:31][2316] Processing: App\Events\EventTrigger
[2020-03-23 09:20:31][2316] Processed:  App\Events\EventTrigger
[2020-03-23 09:20:43][2317] Processing: App\Events\EventTrigger
[2020-03-23 09:20:44][2317] Processed:  App\Events\EventTrigger
[2020-03-23 09:20:55][2318] Processing: App\Events\EventTrigger
[2020-03-23 09:20:55][2318] Processed:  App\Events\EventTrigger
[2020-03-23 09:21:09][2319] Processing: App\Events\EventTrigger
[2020-03-23 09:21:10][2319] Processed:  App\Events\EventTrigger
[2020-03-23 09:21:21][2320] Processing: App\Events\EventTrigger
[2020-03-23 09:21:22][2320] Processed:  App\Events\EventTrigger
[2020-03-23 09:21:30][2321] Processing: App\Events\EventTrigger
[2020-03-23 09:21:31][2321] Processed:  App\Events\EventTrigger
[2020-03-23 09:21:35][2322] Processing: App\Events\EventTrigger
[2020-03-23 09:21:35][2322] Processed:  App\Events\EventTrigger
[2020-03-23 09:21:37][2323] Processing: App\Events\EventTrigger
[2020-03-23 09:21:38][2323] Processed:  App\Events\EventTrigger
[2020-03-23 09:21:40][2324] Processing: App\Events\EventTrigger
[2020-03-23 09:21:40][2324] Processed:  App\Events\EventTrigger
[2020-03-23 09:21:43][2325] Processing: App\Events\EventTrigger
[2020-03-23 09:21:44][2325] Processed:  App\Events\EventTrigger
[2020-03-23 09:21:46][2326] Processing: App\Events\EventTrigger
[2020-03-23 09:21:46][2326] Processed:  App\Events\EventTrigger
[2020-03-23 09:21:50][2327] Processing: App\Events\EventTrigger
[2020-03-23 09:21:50][2327] Processed:  App\Events\EventTrigger
[2020-03-23 09:21:53][2328] Processing: App\Events\EventTrigger
[2020-03-23 09:21:53][2328] Processed:  App\Events\EventTrigger
[2020-03-23 09:21:56][2329] Processing: App\Events\EventTrigger
[2020-03-23 09:21:56][2329] Processed:  App\Events\EventTrigger
[2020-03-23 09:22:05][2330] Processing: App\Events\EventTrigger
[2020-03-23 09:22:05][2330] Processed:  App\Events\EventTrigger
[2020-03-23 09:22:14][2331] Processing: App\Events\EventTrigger
[2020-03-23 09:22:14][2331] Processed:  App\Events\EventTrigger
[2020-03-23 09:22:23][2332] Processing: App\Events\EventTrigger
[2020-03-23 09:22:23][2332] Processed:  App\Events\EventTrigger
[2020-03-23 09:22:35][2333] Processing: App\Events\EventTrigger
[2020-03-23 09:22:35][2333] Processed:  App\Events\EventTrigger
[2020-03-23 09:22:44][2334] Processing: App\Events\EventTrigger
[2020-03-23 09:22:44][2334] Processed:  App\Events\EventTrigger
[2020-03-23 09:22:55][2335] Processing: App\Events\EventTrigger
[2020-03-23 09:22:55][2335] Processed:  App\Events\EventTrigger
[2020-03-23 09:23:05][2336] Processing: App\Events\EventTrigger
[2020-03-23 09:23:05][2336] Processed:  App\Events\EventTrigger
[2020-03-23 09:23:17][2337] Processing: App\Events\EventTrigger
[2020-03-23 09:23:18][2337] Processed:  App\Events\EventTrigger
[2020-03-23 09:23:20][2338] Processing: App\Events\EventTrigger
[2020-03-23 09:23:21][2338] Processed:  App\Events\EventTrigger
[2020-03-23 09:23:22][2339] Processing: App\Events\EventTrigger
[2020-03-23 09:23:23][2339] Processed:  App\Events\EventTrigger
[2020-03-23 09:23:25][2340] Processing: App\Events\EventTrigger
[2020-03-23 09:23:26][2340] Processed:  App\Events\EventTrigger
[2020-03-23 09:23:29][2341] Processing: App\Events\EventTrigger
[2020-03-23 09:23:29][2341] Processed:  App\Events\EventTrigger
[2020-03-23 09:23:32][2342] Processing: App\Events\EventTrigger
[2020-03-23 09:23:32][2342] Processed:  App\Events\EventTrigger
[2020-03-23 09:23:35][2343] Processing: App\Events\EventTrigger
[2020-03-23 09:23:35][2343] Processed:  App\Events\EventTrigger
[2020-03-23 09:23:38][2344] Processing: App\Events\EventTrigger
[2020-03-23 09:23:38][2344] Processed:  App\Events\EventTrigger
[2020-03-23 09:23:44][2345] Processing: App\Events\EventTrigger
[2020-03-23 09:23:44][2345] Processed:  App\Events\EventTrigger
[2020-03-23 09:23:52][2346] Processing: App\Events\EventTrigger
[2020-03-23 09:23:53][2346] Processed:  App\Events\EventTrigger
[2020-03-23 09:23:58][2347] Processing: App\Events\EventTrigger
[2020-03-23 09:23:59][2347] Processed:  App\Events\EventTrigger
[2020-03-23 09:24:08][2348] Processing: App\Events\EventTrigger
[2020-03-23 09:24:08][2348] Processed:  App\Events\EventTrigger
[2020-03-23 09:24:15][2349] Processing: App\Events\EventTrigger
[2020-03-23 09:24:15][2349] Processed:  App\Events\EventTrigger
[2020-03-23 09:24:23][2350] Processing: App\Events\EventTrigger
[2020-03-23 09:24:24][2350] Processed:  App\Events\EventTrigger
[2020-03-23 09:24:32][2351] Processing: App\Events\EventTrigger
[2020-03-23 09:24:33][2351] Processed:  App\Events\EventTrigger
[2020-03-23 09:24:41][2352] Processing: App\Events\EventTrigger
[2020-03-23 09:24:41][2352] Processed:  App\Events\EventTrigger
[2020-03-23 11:13:03][2353] Processing: App\Jobs\ConvertSeriesVideo
[2020-03-23 11:13:06][2354] Processing: App\Events\EventTrigger
[2020-03-23 11:13:07][2354] Processed:  App\Events\EventTrigger
[2020-03-23 11:13:10][2355] Processing: App\Events\EventTrigger
[2020-03-23 11:13:10][2356] Processing: App\Events\EventTrigger
[2020-03-23 11:13:10][2357] Processing: App\Events\EventTrigger
[2020-03-23 11:13:10][2355] Processed:  App\Events\EventTrigger
[2020-03-23 11:13:10][2356] Processed:  App\Events\EventTrigger
[2020-03-23 11:13:10][2358] Processing: App\Events\EventTrigger
[2020-03-23 11:13:10][2357] Processed:  App\Events\EventTrigger
[2020-03-23 11:13:11][2358] Processed:  App\Events\EventTrigger
[2020-03-23 11:13:13][2359] Processing: App\Events\EventTrigger
[2020-03-23 11:13:13][2360] Processing: App\Events\EventTrigger
[2020-03-23 11:13:13][2361] Processing: App\Events\EventTrigger
[2020-03-23 11:13:13][2359] Processed:  App\Events\EventTrigger
[2020-03-23 11:13:13][2360] Processed:  App\Events\EventTrigger
[2020-03-23 11:13:14][2361] Processed:  App\Events\EventTrigger
[2020-03-23 11:13:16][2362] Processing: App\Events\EventTrigger
[2020-03-23 11:13:16][2363] Processing: App\Events\EventTrigger
[2020-03-23 11:13:16][2363] Processed:  App\Events\EventTrigger
[2020-03-23 11:13:16][2364] Processing: App\Events\EventTrigger
[2020-03-23 11:13:16][2362] Processed:  App\Events\EventTrigger
[2020-03-23 11:13:17][2364] Processed:  App\Events\EventTrigger
[2020-03-23 11:13:19][2365] Processing: App\Events\EventTrigger
[2020-03-23 11:13:19][2365] Processed:  App\Events\EventTrigger
[2020-03-23 11:13:19][2366] Processing: App\Events\EventTrigger
[2020-03-23 11:13:19][2367] Processing: App\Events\EventTrigger
[2020-03-23 11:13:19][2366] Processed:  App\Events\EventTrigger
[2020-03-23 11:13:20][2367] Processed:  App\Events\EventTrigger
[2020-03-23 11:13:22][2368] Processing: App\Events\EventTrigger
[2020-03-23 11:13:22][2369] Processing: App\Events\EventTrigger
[2020-03-23 11:13:22][2370] Processing: App\Events\EventTrigger
[2020-03-23 11:13:23][2368] Processed:  App\Events\EventTrigger
[2020-03-23 11:13:23][2369] Processed:  App\Events\EventTrigger
[2020-03-23 11:13:23][2370] Processed:  App\Events\EventTrigger
[2020-03-23 11:13:26][2371] Processing: App\Events\EventTrigger
[2020-03-23 11:13:26][2372] Processing: App\Events\EventTrigger
[2020-03-23 11:13:26][2373] Processing: App\Events\EventTrigger
[2020-03-23 11:13:26][2371] Processed:  App\Events\EventTrigger
[2020-03-23 11:13:26][2372] Processed:  App\Events\EventTrigger
[2020-03-23 11:13:26][2373] Processed:  App\Events\EventTrigger
[2020-03-23 11:13:29][2374] Processing: App\Events\EventTrigger
[2020-03-23 11:13:29][2375] Processing: App\Events\EventTrigger
[2020-03-23 11:13:29][2376] Processing: App\Events\EventTrigger
[2020-03-23 11:13:29][2374] Processed:  App\Events\EventTrigger
[2020-03-23 11:13:29][2375] Processed:  App\Events\EventTrigger
[2020-03-23 11:13:29][2376] Processed:  App\Events\EventTrigger
[2020-03-23 11:13:32][2377] Processing: App\Events\EventTrigger
[2020-03-23 11:13:32][2378] Processing: App\Events\EventTrigger
[2020-03-23 11:13:32][2377] Processed:  App\Events\EventTrigger
[2020-03-23 11:13:32][2378] Processed:  App\Events\EventTrigger
[2020-03-23 11:13:35][2379] Processing: App\Events\EventTrigger
[2020-03-23 11:13:35][2379] Processed:  App\Events\EventTrigger
[2020-03-23 11:13:38][2380] Processing: App\Events\EventTrigger
[2020-03-23 11:13:38][2380] Processed:  App\Events\EventTrigger
[2020-03-23 11:13:41][2381] Processing: App\Events\EventTrigger
[2020-03-23 11:13:41][2381] Processed:  App\Events\EventTrigger
[2020-03-23 11:13:44][2382] Processing: App\Events\EventTrigger
[2020-03-23 11:13:44][2383] Processing: App\Events\EventTrigger
[2020-03-23 11:13:44][2382] Processed:  App\Events\EventTrigger
[2020-03-23 11:13:44][2383] Processed:  App\Events\EventTrigger
[2020-03-23 11:13:47][2384] Processing: App\Events\EventTrigger
[2020-03-23 11:13:47][2384] Processed:  App\Events\EventTrigger
[2020-03-23 11:13:50][2385] Processing: App\Events\EventTrigger
[2020-03-23 11:13:50][2385] Processed:  App\Events\EventTrigger
[2020-03-23 11:13:50][2386] Processing: App\Events\EventTrigger
[2020-03-23 11:13:50][2386] Processed:  App\Events\EventTrigger
[2020-03-23 11:13:53][2387] Processing: App\Events\EventTrigger
[2020-03-23 11:13:53][2387] Processed:  App\Events\EventTrigger
[2020-03-23 11:13:56][2388] Processing: App\Events\EventTrigger
[2020-03-23 11:13:56][2388] Processed:  App\Events\EventTrigger
[2020-03-23 11:14:02][2389] Processing: App\Events\EventTrigger
[2020-03-23 11:14:02][2389] Processed:  App\Events\EventTrigger
[2020-03-23 11:14:02][2390] Processing: App\Events\EventTrigger
[2020-03-23 11:14:02][2390] Processed:  App\Events\EventTrigger
[2020-03-23 11:14:05][2391] Processing: App\Events\EventTrigger
[2020-03-23 11:14:05][2391] Processed:  App\Events\EventTrigger
[2020-03-23 11:14:07][2392] Processing: App\Events\EventTrigger
[2020-03-23 11:14:08][2392] Processed:  App\Events\EventTrigger
[2020-03-23 11:14:11][2393] Processing: App\Events\EventTrigger
[2020-03-23 11:14:11][2393] Processed:  App\Events\EventTrigger
[2020-03-23 11:14:14][2394] Processing: App\Events\EventTrigger
[2020-03-23 11:14:14][2394] Processed:  App\Events\EventTrigger
[2020-03-23 11:14:17][2395] Processing: App\Events\EventTrigger
[2020-03-23 11:14:17][2395] Processed:  App\Events\EventTrigger
[2020-03-23 11:14:20][2396] Processing: App\Events\EventTrigger
[2020-03-23 11:14:20][2396] Processed:  App\Events\EventTrigger
[2020-03-23 11:14:23][2397] Processing: App\Events\EventTrigger
[2020-03-23 11:14:23][2397] Processed:  App\Events\EventTrigger
[2020-03-23 11:14:26][2398] Processing: App\Events\EventTrigger
[2020-03-23 11:14:26][2398] Processed:  App\Events\EventTrigger
[2020-03-23 11:14:29][2399] Processing: App\Events\EventTrigger
[2020-03-23 11:14:29][2399] Processed:  App\Events\EventTrigger
[2020-03-23 11:14:32][2400] Processing: App\Events\EventTrigger
[2020-03-23 11:14:35][2401] Processing: App\Events\EventTrigger
[2020-03-23 11:14:36][2401] Processed:  App\Events\EventTrigger
[2020-03-23 11:36:12][2402] Processing: App\Jobs\ConvertSeriesVideo
[2020-03-23 11:36:20][2403] Processing: App\Events\EventTrigger
[2020-03-23 11:36:20][2403] Processed:  App\Events\EventTrigger
[2020-03-23 11:36:23][2404] Processing: App\Events\EventTrigger
[2020-03-23 11:36:24][2404] Processed:  App\Events\EventTrigger
[2020-03-23 11:36:26][2405] Processing: App\Events\EventTrigger
[2020-03-23 11:36:26][2405] Processed:  App\Events\EventTrigger
[2020-03-23 11:36:29][2406] Processing: App\Events\EventTrigger
[2020-03-23 11:36:30][2406] Processed:  App\Events\EventTrigger
[2020-03-23 11:36:32][2407] Processing: App\Events\EventTrigger
[2020-03-23 11:36:33][2407] Processed:  App\Events\EventTrigger
[2020-03-23 11:36:35][2408] Processing: App\Events\EventTrigger
[2020-03-23 11:36:36][2408] Processed:  App\Events\EventTrigger
[2020-03-23 11:36:39][2409] Processing: App\Events\EventTrigger
[2020-03-23 11:36:39][2409] Processed:  App\Events\EventTrigger
[2020-03-23 11:36:44][2410] Processing: App\Events\EventTrigger
[2020-03-23 11:36:45][2410] Processed:  App\Events\EventTrigger
[2020-03-23 11:36:54][2411] Processing: App\Events\EventTrigger
[2020-03-23 11:36:54][2411] Processed:  App\Events\EventTrigger
[2020-03-23 11:37:03][2412] Processing: App\Events\EventTrigger
[2020-03-23 11:37:03][2412] Processed:  App\Events\EventTrigger
[2020-03-23 11:37:12][2413] Processing: App\Events\EventTrigger
[2020-03-23 11:37:12][2413] Processed:  App\Events\EventTrigger
[2020-03-23 11:37:23][2414] Processing: App\Events\EventTrigger
[2020-03-23 11:37:24][2414] Processed:  App\Events\EventTrigger
[2020-03-23 11:37:33][2415] Processing: App\Events\EventTrigger
[2020-03-23 11:37:33][2415] Processed:  App\Events\EventTrigger
[2020-03-23 11:37:45][2416] Processing: App\Events\EventTrigger
[2020-03-23 11:37:45][2416] Processed:  App\Events\EventTrigger
[2020-03-23 11:37:54][2417] Processing: App\Events\EventTrigger
[2020-03-23 11:37:55][2417] Processed:  App\Events\EventTrigger
[2020-03-23 11:38:03][2418] Processing: App\Events\EventTrigger
[2020-03-23 11:38:03][2418] Processed:  App\Events\EventTrigger
[2020-03-23 11:38:06][2419] Processing: App\Events\EventTrigger
[2020-03-23 11:38:06][2419] Processed:  App\Events\EventTrigger
[2020-03-23 11:38:08][2420] Processing: App\Events\EventTrigger
[2020-03-23 11:38:08][2420] Processed:  App\Events\EventTrigger
[2020-03-23 11:38:11][2421] Processing: App\Events\EventTrigger
[2020-03-23 11:38:12][2421] Processed:  App\Events\EventTrigger
[2020-03-23 11:38:15][2422] Processing: App\Events\EventTrigger
[2020-03-23 11:38:17][2423] Processing: App\Events\EventTrigger
[2020-03-23 11:38:18][2423] Processed:  App\Events\EventTrigger
[2020-03-23 11:38:21][2424] Processing: App\Events\EventTrigger
[2020-03-23 11:38:21][2424] Processed:  App\Events\EventTrigger
[2020-03-23 11:38:24][2425] Processing: App\Events\EventTrigger
[2020-03-23 11:38:24][2425] Processed:  App\Events\EventTrigger
[2020-03-23 11:38:27][2426] Processing: App\Events\EventTrigger
[2020-03-23 11:38:27][2426] Processed:  App\Events\EventTrigger
[2020-03-23 11:38:33][2427] Processing: App\Events\EventTrigger
[2020-03-23 11:38:34][2427] Processed:  App\Events\EventTrigger
[2020-03-23 11:38:42][2428] Processing: App\Events\EventTrigger
[2020-03-23 11:38:42][2428] Processed:  App\Events\EventTrigger
[2020-03-23 11:38:48][2429] Processing: App\Events\EventTrigger
[2020-03-23 11:38:49][2429] Processed:  App\Events\EventTrigger
[2020-03-23 11:38:57][2430] Processing: App\Events\EventTrigger
[2020-03-23 11:38:58][2430] Processed:  App\Events\EventTrigger
[2020-03-23 11:39:04][2431] Processing: App\Events\EventTrigger
[2020-03-23 11:39:04][2431] Processed:  App\Events\EventTrigger
[2020-03-23 11:39:15][2432] Processing: App\Events\EventTrigger
[2020-03-23 11:39:15][2432] Processed:  App\Events\EventTrigger
[2020-03-23 11:39:24][2433] Processing: App\Events\EventTrigger
[2020-03-23 11:39:24][2433] Processed:  App\Events\EventTrigger
[2020-03-23 11:39:33][2434] Processing: App\Events\EventTrigger
[2020-03-23 11:39:33][2434] Processed:  App\Events\EventTrigger
[2020-03-23 11:39:36][2435] Processing: App\Events\EventTrigger
[2020-03-23 11:39:36][2435] Processed:  App\Events\EventTrigger
[2020-03-23 11:39:40][2436] Processing: App\Events\EventTrigger
[2020-03-23 11:39:40][2436] Processed:  App\Events\EventTrigger
[2020-03-23 11:39:42][2437] Processing: App\Events\EventTrigger
[2020-03-23 11:39:42][2437] Processed:  App\Events\EventTrigger
[2020-03-23 11:39:45][2438] Processing: App\Events\EventTrigger
[2020-03-23 11:39:46][2438] Processed:  App\Events\EventTrigger
[2020-03-23 11:39:48][2439] Processing: App\Events\EventTrigger
[2020-03-23 11:39:49][2439] Processed:  App\Events\EventTrigger
[2020-03-23 11:39:51][2440] Processing: App\Events\EventTrigger
[2020-03-23 11:39:52][2440] Processed:  App\Events\EventTrigger
[2020-03-23 11:39:54][2441] Processing: App\Events\EventTrigger
[2020-03-23 11:39:55][2441] Processed:  App\Events\EventTrigger
[2020-03-23 11:40:01][2442] Processing: App\Events\EventTrigger
[2020-03-23 11:40:01][2442] Processed:  App\Events\EventTrigger
[2020-03-23 11:40:07][2443] Processing: App\Events\EventTrigger
[2020-03-23 11:40:07][2443] Processed:  App\Events\EventTrigger
[2020-03-23 11:40:13][2444] Processing: App\Events\EventTrigger
[2020-03-23 11:40:13][2444] Processed:  App\Events\EventTrigger
[2020-03-23 11:40:19][2445] Processing: App\Events\EventTrigger
[2020-03-23 11:40:19][2445] Processed:  App\Events\EventTrigger
[2020-03-23 11:40:28][2446] Processing: App\Events\EventTrigger
[2020-03-23 11:40:28][2446] Processed:  App\Events\EventTrigger
[2020-03-23 11:40:34][2447] Processing: App\Events\EventTrigger
[2020-03-23 11:40:35][2447] Processed:  App\Events\EventTrigger
[2020-03-23 11:40:43][2448] Processing: App\Events\EventTrigger
[2020-03-23 11:40:43][2448] Processed:  App\Events\EventTrigger
[2020-03-23 11:40:46][2449] Processing: App\Events\EventTrigger
[2020-03-23 11:40:46][2449] Processed:  App\Events\EventTrigger
[2020-03-23 12:17:45][2450] Processing: App\Jobs\ConvertVideo
[2020-03-23 12:17:48][2451] Processing: App\Events\EventTrigger
[2020-03-23 12:17:48][2451] Processed:  App\Events\EventTrigger
[2020-03-23 12:17:48][2452] Processing: App\Events\EventTrigger
[2020-03-23 12:17:49][2452] Processed:  App\Events\EventTrigger
[2020-03-23 12:17:51][2453] Processing: App\Events\EventTrigger
[2020-03-23 12:17:52][2453] Processed:  App\Events\EventTrigger
[2020-03-23 12:17:54][2454] Processing: App\Events\EventTrigger
[2020-03-23 12:17:55][2454] Processed:  App\Events\EventTrigger
[2020-03-23 12:17:55][2455] Processing: App\Events\EventTrigger
[2020-03-23 12:17:55][2455] Processed:  App\Events\EventTrigger
[2020-03-23 12:17:57][2456] Processing: App\Events\EventTrigger
[2020-03-23 12:17:58][2456] Processed:  App\Events\EventTrigger
[2020-03-23 12:18:01][2457] Processing: App\Events\EventTrigger
[2020-03-23 12:18:01][2458] Processing: App\Events\EventTrigger
[2020-03-23 12:18:01][2458] Processed:  App\Events\EventTrigger
[2020-03-23 12:18:01][2457] Processed:  App\Events\EventTrigger
[2020-03-23 12:18:04][2459] Processing: App\Events\EventTrigger
[2020-03-23 12:18:04][2459] Processed:  App\Events\EventTrigger
[2020-03-23 12:18:07][2460] Processing: App\Events\EventTrigger
[2020-03-23 12:18:07][2461] Processing: App\Events\EventTrigger
[2020-03-23 12:18:07][2461] Processed:  App\Events\EventTrigger
[2020-03-23 12:18:07][2460] Processed:  App\Events\EventTrigger
[2020-03-23 12:18:10][2462] Processing: App\Events\EventTrigger
[2020-03-23 12:18:10][2462] Processed:  App\Events\EventTrigger
[2020-03-23 12:18:13][2463] Processing: App\Events\EventTrigger
[2020-03-23 12:18:14][2463] Processed:  App\Events\EventTrigger
[2020-03-23 12:18:19][2464] Processing: App\Events\EventTrigger
[2020-03-23 12:18:20][2464] Processed:  App\Events\EventTrigger
[2020-03-23 12:18:25][2465] Processing: App\Events\EventTrigger
[2020-03-23 12:18:26][2465] Processed:  App\Events\EventTrigger
[2020-03-23 12:18:31][2466] Processing: App\Events\EventTrigger
[2020-03-23 12:18:38][2467] Processing: App\Events\EventTrigger
[2020-03-23 12:18:38][2467] Processed:  App\Events\EventTrigger
[2020-03-23 12:18:46][2468] Processing: App\Events\EventTrigger
[2020-03-23 12:18:46][2468] Processed:  App\Events\EventTrigger
[2020-03-23 12:18:53][2469] Processing: App\Events\EventTrigger
[2020-03-23 12:18:53][2469] Processed:  App\Events\EventTrigger
[2020-03-23 12:18:59][2470] Processing: App\Events\EventTrigger
[2020-03-23 12:18:59][2470] Processed:  App\Events\EventTrigger
[2020-03-23 12:19:07][2471] Processing: App\Events\EventTrigger
[2020-03-23 12:19:07][2471] Processed:  App\Events\EventTrigger
[2020-03-23 12:19:16][2472] Processing: App\Events\EventTrigger
[2020-03-23 12:19:16][2472] Processed:  App\Events\EventTrigger
[2020-03-23 12:19:22][2473] Processing: App\Events\EventTrigger
[2020-03-23 12:19:22][2473] Processed:  App\Events\EventTrigger
[2020-03-23 12:19:28][2474] Processing: App\Events\EventTrigger
[2020-03-23 12:19:29][2474] Processed:  App\Events\EventTrigger
[2020-03-23 12:19:32][2475] Processing: App\Events\EventTrigger
[2020-03-23 12:19:32][2475] Processed:  App\Events\EventTrigger
[2020-03-23 12:19:34][2476] Processing: App\Events\EventTrigger
[2020-03-23 12:19:34][2476] Processed:  App\Events\EventTrigger
[2020-03-23 12:19:37][2477] Processing: App\Events\EventTrigger
[2020-03-23 12:19:37][2478] Processing: App\Events\EventTrigger
[2020-03-23 12:19:37][2477] Processed:  App\Events\EventTrigger
[2020-03-23 12:19:37][2478] Processed:  App\Events\EventTrigger
[2020-03-23 12:19:40][2479] Processing: App\Events\EventTrigger
[2020-03-23 12:19:40][2480] Processing: App\Events\EventTrigger
[2020-03-23 12:19:41][2479] Processed:  App\Events\EventTrigger
[2020-03-23 12:19:41][2480] Processed:  App\Events\EventTrigger
[2020-03-23 12:19:43][2481] Processing: App\Events\EventTrigger
[2020-03-23 12:19:44][2481] Processed:  App\Events\EventTrigger
[2020-03-23 12:19:44][2482] Processing: App\Events\EventTrigger
[2020-03-23 12:19:44][2482] Processed:  App\Events\EventTrigger
[2020-03-23 12:19:47][2483] Processing: App\Events\EventTrigger
[2020-03-23 12:19:47][2483] Processed:  App\Events\EventTrigger
[2020-03-23 12:19:50][2484] Processing: App\Events\EventTrigger
[2020-03-23 12:19:50][2485] Processing: App\Events\EventTrigger
[2020-03-23 12:19:50][2484] Processed:  App\Events\EventTrigger
[2020-03-23 12:19:50][2485] Processed:  App\Events\EventTrigger
[2020-03-23 12:19:53][2486] Processing: App\Events\EventTrigger
[2020-03-23 12:19:53][2486] Processed:  App\Events\EventTrigger
[2020-03-23 12:19:56][2487] Processing: App\Events\EventTrigger
[2020-03-23 12:19:56][2487] Processed:  App\Events\EventTrigger
[2020-03-23 12:19:59][2488] Processing: App\Events\EventTrigger
[2020-03-23 12:19:59][2488] Processed:  App\Events\EventTrigger
[2020-03-23 12:20:05][2489] Processing: App\Events\EventTrigger
[2020-03-23 12:20:05][2489] Processed:  App\Events\EventTrigger
[2020-03-23 12:20:11][2490] Processing: App\Events\EventTrigger
[2020-03-23 12:20:12][2490] Processed:  App\Events\EventTrigger
[2020-03-23 12:20:14][2491] Processing: App\Events\EventTrigger
[2020-03-23 12:20:15][2491] Processed:  App\Events\EventTrigger
[2020-03-23 12:20:20][2492] Processing: App\Events\EventTrigger
[2020-03-23 12:20:20][2492] Processed:  App\Events\EventTrigger
[2020-03-23 12:20:26][2493] Processing: App\Events\EventTrigger
[2020-03-23 12:20:26][2493] Processed:  App\Events\EventTrigger
[2020-03-23 12:20:32][2494] Processing: App\Events\EventTrigger
[2020-03-23 12:20:32][2494] Processed:  App\Events\EventTrigger
[2020-03-23 12:20:35][2495] Processing: App\Events\EventTrigger
[2020-03-23 12:20:36][2495] Processed:  App\Events\EventTrigger
[2020-03-23 12:20:44][2496] Processing: App\Events\EventTrigger
[2020-03-23 12:20:44][2496] Processed:  App\Events\EventTrigger
[2020-03-23 12:20:50][2497] Processing: App\Events\EventTrigger
[2020-03-23 12:20:50][2497] Processed:  App\Events\EventTrigger
[2020-03-23 12:20:54][2498] Processing: App\Events\EventTrigger
[2020-03-23 12:20:54][2498] Processed:  App\Events\EventTrigger
[2020-03-23 12:40:09][2499] Processing: App\Jobs\ConvertVideo
[2020-03-23 12:40:15][2500] Processing: App\Events\EventTrigger
[2020-03-23 12:40:16][2500] Processed:  App\Events\EventTrigger
[2020-03-23 12:40:21][2501] Processing: App\Events\EventTrigger
[2020-03-23 12:40:22][2501] Processed:  App\Events\EventTrigger
[2020-03-23 12:40:27][2502] Processing: App\Events\EventTrigger
[2020-03-23 12:40:28][2502] Processed:  App\Events\EventTrigger
[2020-03-23 12:40:33][2503] Processing: App\Events\EventTrigger
[2020-03-23 12:40:34][2503] Processed:  App\Events\EventTrigger
[2020-03-23 12:40:42][2504] Processing: App\Events\EventTrigger
[2020-03-23 12:40:43][2504] Processed:  App\Events\EventTrigger
[2020-03-23 12:40:57][2505] Processing: App\Events\EventTrigger
[2020-03-23 12:41:18][2506] Processing: App\Events\EventTrigger
[2020-03-23 12:41:19][2506] Processed:  App\Events\EventTrigger
[2020-03-23 12:41:46][2507] Processing: App\Events\EventTrigger
[2020-03-23 12:41:46][2507] Processed:  App\Events\EventTrigger
[2020-03-23 12:42:13][2508] Processing: App\Events\EventTrigger
[2020-03-23 12:42:13][2508] Processed:  App\Events\EventTrigger
[2020-03-23 12:42:37][2509] Processing: App\Events\EventTrigger
[2020-03-23 12:42:38][2509] Processed:  App\Events\EventTrigger
[2020-03-23 12:42:46][2510] Processing: App\Events\EventTrigger
[2020-03-23 12:42:47][2510] Processed:  App\Events\EventTrigger
[2020-03-23 12:42:52][2511] Processing: App\Events\EventTrigger
[2020-03-23 12:42:53][2511] Processed:  App\Events\EventTrigger
[2020-03-23 12:42:58][2512] Processing: App\Events\EventTrigger
[2020-03-23 12:42:59][2512] Processed:  App\Events\EventTrigger
[2020-03-23 12:43:04][2513] Processing: App\Events\EventTrigger
[2020-03-23 12:43:05][2513] Processed:  App\Events\EventTrigger
[2020-03-23 12:43:10][2514] Processing: App\Events\EventTrigger
[2020-03-23 12:43:11][2514] Processed:  App\Events\EventTrigger
[2020-03-23 12:43:22][2515] Processing: App\Events\EventTrigger
[2020-03-23 12:43:23][2515] Processed:  App\Events\EventTrigger
[2020-03-23 12:43:38][2516] Processing: App\Events\EventTrigger
[2020-03-23 12:43:38][2516] Processed:  App\Events\EventTrigger
[2020-03-23 12:43:59][2517] Processing: App\Events\EventTrigger
[2020-03-23 12:44:00][2517] Processed:  App\Events\EventTrigger
[2020-03-23 12:44:21][2518] Processing: App\Events\EventTrigger
[2020-03-23 12:44:21][2518] Processed:  App\Events\EventTrigger
[2020-03-23 12:44:41][2519] Processing: App\Events\EventTrigger
[2020-03-23 12:44:42][2519] Processed:  App\Events\EventTrigger
[2020-03-23 12:44:50][2520] Processing: App\Events\EventTrigger
[2020-03-23 12:44:50][2520] Processed:  App\Events\EventTrigger
[2020-03-23 12:44:54][2521] Processing: App\Events\EventTrigger
[2020-03-23 12:44:54][2521] Processed:  App\Events\EventTrigger
[2020-03-23 12:44:59][2522] Processing: App\Events\EventTrigger
[2020-03-23 12:44:59][2522] Processed:  App\Events\EventTrigger
[2020-03-23 12:45:05][2523] Processing: App\Events\EventTrigger
[2020-03-23 12:45:05][2523] Processed:  App\Events\EventTrigger
[2020-03-23 12:45:09][2524] Processing: App\Events\EventTrigger
[2020-03-23 12:45:09][2524] Processed:  App\Events\EventTrigger
[2020-03-23 12:45:20][2525] Processing: App\Events\EventTrigger
[2020-03-23 12:45:21][2525] Processed:  App\Events\EventTrigger
[2020-03-23 12:45:35][2526] Processing: App\Events\EventTrigger
[2020-03-23 12:45:35][2526] Processed:  App\Events\EventTrigger
[2020-03-23 12:45:53][2527] Processing: App\Events\EventTrigger
[2020-03-23 12:45:54][2527] Processed:  App\Events\EventTrigger
[2020-03-23 12:46:11][2528] Processing: App\Events\EventTrigger
[2020-03-23 12:46:12][2528] Processed:  App\Events\EventTrigger
[2020-03-23 12:46:27][2529] Processing: App\Events\EventTrigger
[2020-03-23 12:46:28][2529] Processed:  App\Events\EventTrigger
[2020-03-23 12:46:35][2530] Processing: App\Events\EventTrigger
[2020-03-23 12:46:36][2530] Processed:  App\Events\EventTrigger
[2020-03-23 12:46:38][2531] Processing: App\Events\EventTrigger
[2020-03-23 12:46:39][2531] Processed:  App\Events\EventTrigger
[2020-03-23 12:46:43][2532] Processing: App\Events\EventTrigger
[2020-03-23 12:46:43][2532] Processed:  App\Events\EventTrigger
[2020-03-23 12:46:48][2533] Processing: App\Events\EventTrigger
[2020-03-23 12:46:48][2533] Processed:  App\Events\EventTrigger
[2020-03-23 12:46:54][2534] Processing: App\Events\EventTrigger
[2020-03-23 12:46:54][2534] Processed:  App\Events\EventTrigger
[2020-03-23 12:47:03][2535] Processing: App\Events\EventTrigger
[2020-03-23 12:47:03][2535] Processed:  App\Events\EventTrigger
[2020-03-23 12:47:12][2536] Processing: App\Events\EventTrigger
[2020-03-23 12:47:13][2536] Processed:  App\Events\EventTrigger
[2020-03-23 12:47:27][2537] Processing: App\Events\EventTrigger
[2020-03-23 12:47:28][2537] Processed:  App\Events\EventTrigger
[2020-03-23 12:47:42][2538] Processing: App\Events\EventTrigger
[2020-03-23 12:47:43][2538] Processed:  App\Events\EventTrigger
[2020-03-23 12:47:57][2539] Processing: App\Events\EventTrigger
[2020-03-23 12:47:58][2539] Processed:  App\Events\EventTrigger
[2020-03-23 12:48:03][2540] Processing: App\Events\EventTrigger
[2020-03-23 12:48:04][2540] Processed:  App\Events\EventTrigger
[2020-03-23 12:48:09][2541] Processing: App\Events\EventTrigger
[2020-03-23 12:48:10][2541] Processed:  App\Events\EventTrigger
[2020-03-23 12:48:12][2542] Processing: App\Events\EventTrigger
[2020-03-23 12:48:13][2542] Processed:  App\Events\EventTrigger
[2020-03-23 12:48:19][2543] Processing: App\Events\EventTrigger
[2020-03-23 12:48:19][2543] Processed:  App\Events\EventTrigger
[2020-03-23 12:48:28][2544] Processing: App\Events\EventTrigger
[2020-03-23 12:48:28][2544] Processed:  App\Events\EventTrigger
[2020-03-23 12:48:37][2545] Processing: App\Events\EventTrigger
[2020-03-23 12:48:37][2545] Processed:  App\Events\EventTrigger
[2020-03-23 12:48:49][2546] Processing: App\Events\EventTrigger
[2020-03-23 12:48:49][2546] Processed:  App\Events\EventTrigger
[2020-03-23 12:49:01][2547] Processing: App\Events\EventTrigger
[2020-03-23 12:49:01][2547] Processed:  App\Events\EventTrigger
[2020-03-23 12:49:13][2548] Processing: App\Events\EventTrigger
[2020-03-23 12:49:13][2548] Processed:  App\Events\EventTrigger
[2020-03-24 05:38:40][2549] Processing: App\Jobs\ConvertSeriesVideo
[2020-03-24 05:38:43][2550] Processing: App\Events\EventTrigger
[2020-03-24 05:38:43][2551] Processing: App\Events\EventTrigger
[2020-03-24 05:38:44][2550] Processed:  App\Events\EventTrigger
[2020-03-24 05:38:46][2552] Processing: App\Events\EventTrigger
[2020-03-24 05:38:47][2552] Processed:  App\Events\EventTrigger
[2020-03-24 05:38:47][2553] Processing: App\Events\EventTrigger
[2020-03-24 05:38:47][2554] Processing: App\Events\EventTrigger
[2020-03-24 05:38:47][2555] Processing: App\Events\EventTrigger
[2020-03-24 05:38:47][2556] Processing: App\Events\EventTrigger
[2020-03-24 05:38:47][2557] Processing: App\Events\EventTrigger
[2020-03-24 05:38:47][2553] Processed:  App\Events\EventTrigger
[2020-03-24 05:38:47][2554] Processed:  App\Events\EventTrigger
[2020-03-24 05:38:47][2555] Processed:  App\Events\EventTrigger
[2020-03-24 05:38:48][2556] Processed:  App\Events\EventTrigger
[2020-03-24 05:38:48][2558] Processing: App\Events\EventTrigger
[2020-03-24 05:38:48][2557] Processed:  App\Events\EventTrigger
[2020-03-24 05:38:48][2558] Processed:  App\Events\EventTrigger
[2020-03-24 05:38:48][2559] Processing: App\Events\EventTrigger
[2020-03-24 05:38:49][2559] Processed:  App\Events\EventTrigger
[2020-03-24 05:38:50][2560] Processing: App\Events\EventTrigger
[2020-03-24 05:38:50][2561] Processing: App\Events\EventTrigger
[2020-03-24 05:38:50][2562] Processing: App\Events\EventTrigger
[2020-03-24 05:38:50][2563] Processing: App\Events\EventTrigger
[2020-03-24 05:38:51][2562] Processed:  App\Events\EventTrigger
[2020-03-24 05:38:51][2563] Processed:  App\Events\EventTrigger
[2020-03-24 05:38:51][2560] Processed:  App\Events\EventTrigger
[2020-03-24 05:38:51][2561] Processed:  App\Events\EventTrigger
[2020-03-24 05:38:51][2564] Processing: App\Events\EventTrigger
[2020-03-24 05:38:51][2564] Processed:  App\Events\EventTrigger
[2020-03-24 05:38:52][2565] Processing: App\Events\EventTrigger
[2020-03-24 05:38:52][2565] Processed:  App\Events\EventTrigger
[2020-03-24 05:38:53][2566] Processing: App\Events\EventTrigger
[2020-03-24 05:38:54][2566] Processed:  App\Events\EventTrigger
[2020-03-24 05:38:54][2567] Processing: App\Events\EventTrigger
[2020-03-24 05:38:55][2567] Processed:  App\Events\EventTrigger
[2020-03-24 05:38:55][2568] Processing: App\Events\EventTrigger
[2020-03-24 05:38:55][2568] Processed:  App\Events\EventTrigger
[2020-03-24 05:38:57][2569] Processing: App\Events\EventTrigger
[2020-03-24 05:38:57][2570] Processing: App\Events\EventTrigger
[2020-03-24 05:38:57][2569] Processed:  App\Events\EventTrigger
[2020-03-24 05:38:57][2570] Processed:  App\Events\EventTrigger
[2020-03-24 05:38:58][2571] Processing: App\Events\EventTrigger
[2020-03-24 05:38:58][2571] Processed:  App\Events\EventTrigger
[2020-03-24 05:39:00][2572] Processing: App\Events\EventTrigger
[2020-03-24 05:39:00][2572] Processed:  App\Events\EventTrigger
[2020-03-24 05:39:00][2573] Processing: App\Events\EventTrigger
[2020-03-24 05:39:00][2573] Processed:  App\Events\EventTrigger
[2020-03-24 05:39:03][2574] Processing: App\Events\EventTrigger
[2020-03-24 05:39:03][2575] Processing: App\Events\EventTrigger
[2020-03-24 05:39:03][2574] Processed:  App\Events\EventTrigger
[2020-03-24 05:39:03][2575] Processed:  App\Events\EventTrigger
[2020-03-24 05:39:04][2576] Processing: App\Events\EventTrigger
[2020-03-24 05:39:04][2576] Processed:  App\Events\EventTrigger
[2020-03-24 05:39:06][2577] Processing: App\Events\EventTrigger
[2020-03-24 05:39:06][2578] Processing: App\Events\EventTrigger
[2020-03-24 05:39:06][2577] Processed:  App\Events\EventTrigger
[2020-03-24 05:39:06][2578] Processed:  App\Events\EventTrigger
[2020-03-24 05:39:06][2579] Processing: App\Events\EventTrigger
[2020-03-24 05:39:07][2579] Processed:  App\Events\EventTrigger
[2020-03-24 05:39:07][2580] Processing: App\Events\EventTrigger
[2020-03-24 05:39:08][2580] Processed:  App\Events\EventTrigger
[2020-03-24 05:39:08][2581] Processing: App\Events\EventTrigger
[2020-03-24 05:39:08][2581] Processed:  App\Events\EventTrigger
[2020-03-24 05:39:09][2582] Processing: App\Events\EventTrigger
[2020-03-24 05:39:09][2583] Processing: App\Events\EventTrigger
[2020-03-24 05:39:09][2582] Processed:  App\Events\EventTrigger
[2020-03-24 05:39:09][2583] Processed:  App\Events\EventTrigger
[2020-03-24 05:39:09][2584] Processing: App\Events\EventTrigger
[2020-03-24 05:39:09][2584] Processed:  App\Events\EventTrigger
[2020-03-24 05:39:11][2585] Processing: App\Events\EventTrigger
[2020-03-24 05:39:11][2585] Processed:  App\Events\EventTrigger
[2020-03-24 05:39:11][2586] Processing: App\Events\EventTrigger
[2020-03-24 05:39:11][2586] Processed:  App\Events\EventTrigger
[2020-03-24 05:39:12][2587] Processing: App\Events\EventTrigger
[2020-03-24 05:39:12][2587] Processed:  App\Events\EventTrigger
[2020-03-24 05:39:13][2549] Processed:  App\Jobs\ConvertSeriesVideo
[2020-03-24 05:39:13][2588] Processing: App\Events\EventTrigger
[2020-03-24 05:39:14][2588] Processed:  App\Events\EventTrigger
[2020-03-24 11:11:14][2589] Processing: App\Jobs\ConvertSeriesVideo
[2020-03-24 11:11:17][2590] Processing: App\Events\EventTrigger
[2020-03-24 11:11:17][2591] Processing: App\Events\EventTrigger
[2020-03-24 11:11:18][2592] Processing: App\Events\EventTrigger
[2020-03-24 11:11:18][2593] Processing: App\Events\EventTrigger
[2020-03-24 11:11:18][2591] Processed:  App\Events\EventTrigger
[2020-03-24 11:11:18][2590] Processed:  App\Events\EventTrigger
[2020-03-24 11:11:19][2593] Processed:  App\Events\EventTrigger
[2020-03-24 11:11:19][2592] Processed:  App\Events\EventTrigger
[2020-03-24 11:11:19][2594] Processing: App\Events\EventTrigger
[2020-03-24 11:11:19][2594] Processed:  App\Events\EventTrigger
[2020-03-24 11:11:19][2595] Processing: App\Events\EventTrigger
[2020-03-24 11:11:19][2595] Processed:  App\Events\EventTrigger
[2020-03-24 11:11:21][2596] Processing: App\Events\EventTrigger
[2020-03-24 11:11:21][2597] Processing: App\Events\EventTrigger
[2020-03-24 11:11:21][2598] Processing: App\Events\EventTrigger
[2020-03-24 11:11:21][2599] Processing: App\Events\EventTrigger
[2020-03-24 11:11:21][2599] Processed:  App\Events\EventTrigger
[2020-03-24 11:11:21][2600] Processing: App\Events\EventTrigger
[2020-03-24 11:11:22][2600] Processed:  App\Events\EventTrigger
[2020-03-24 11:11:22][2596] Processed:  App\Events\EventTrigger
[2020-03-24 11:11:22][2601] Processing: App\Events\EventTrigger
[2020-03-24 11:11:22][2589] Processed:  App\Jobs\ConvertSeriesVideo
[2020-03-24 11:11:22][2601] Processed:  App\Events\EventTrigger
[2020-03-24 11:11:22][2597] Processed:  App\Events\EventTrigger
[2020-03-24 11:11:22][2598] Processed:  App\Events\EventTrigger
[2020-03-24 11:47:42][2602] Processing: App\Jobs\ConvertVideo
[2020-03-24 12:04:47][2603] Processing: App\Jobs\ConvertVideo
[2020-03-24 12:20:09][2604] Processing: App\Jobs\ConvertVideo
[2020-03-25 11:52:59][2605] Processing: App\Jobs\ConvertSeriesVideo
[2020-03-25 11:53:01][2606] Processing: App\Events\EventTrigger
[2020-03-25 11:53:02][2606] Processed:  App\Events\EventTrigger
[2020-03-25 11:53:02][2607] Processing: App\Events\EventTrigger
[2020-03-25 11:53:02][2607] Processed:  App\Events\EventTrigger
[2020-03-25 11:53:02][2608] Processing: App\Events\EventTrigger
[2020-03-25 11:53:02][2608] Processed:  App\Events\EventTrigger
[2020-03-25 11:53:02][2609] Processing: App\Events\EventTrigger
[2020-03-25 11:53:03][2609] Processed:  App\Events\EventTrigger
[2020-03-25 11:53:03][2610] Processing: App\Events\EventTrigger
[2020-03-25 11:53:03][2610] Processed:  App\Events\EventTrigger
[2020-03-25 11:53:03][2611] Processing: App\Events\EventTrigger
[2020-03-25 11:53:04][2611] Processed:  App\Events\EventTrigger
[2020-03-25 11:53:04][2612] Processing: App\Events\EventTrigger
[2020-03-25 11:53:05][2612] Processed:  App\Events\EventTrigger
[2020-03-25 11:53:05][2613] Processing: App\Events\EventTrigger
[2020-03-25 11:53:05][2613] Processed:  App\Events\EventTrigger
[2020-03-25 11:53:05][2614] Processing: App\Events\EventTrigger
[2020-03-25 11:53:05][2614] Processed:  App\Events\EventTrigger
[2020-03-25 11:53:06][2615] Processing: App\Events\EventTrigger
[2020-03-25 11:53:06][2615] Processed:  App\Events\EventTrigger
[2020-03-25 11:53:06][2616] Processing: App\Events\EventTrigger
[2020-03-25 11:53:07][2617] Processing: App\Events\EventTrigger
[2020-03-25 11:53:07][2616] Processed:  App\Events\EventTrigger
[2020-03-25 11:53:07][2618] Processing: App\Events\EventTrigger
[2020-03-25 11:53:07][2617] Processed:  App\Events\EventTrigger
[2020-03-25 11:53:07][2618] Processed:  App\Events\EventTrigger
[2020-03-25 11:53:08][2619] Processing: App\Events\EventTrigger
[2020-03-25 11:53:08][2620] Processing: App\Events\EventTrigger
[2020-03-25 11:53:08][2619] Processed:  App\Events\EventTrigger
[2020-03-25 11:53:08][2621] Processing: App\Events\EventTrigger
[2020-03-25 11:53:08][2620] Processed:  App\Events\EventTrigger
[2020-03-25 11:53:08][2621] Processed:  App\Events\EventTrigger
[2020-03-25 11:53:10][2622] Processing: App\Events\EventTrigger
[2020-03-25 11:53:10][2624] Processing: App\Events\EventTrigger
[2020-03-25 11:53:10][2623] Processing: App\Events\EventTrigger
[2020-03-25 11:53:10][2624] Processed:  App\Events\EventTrigger
[2020-03-25 11:53:11][2622] Processed:  App\Events\EventTrigger
[2020-03-25 11:53:11][2623] Processed:  App\Events\EventTrigger
[2020-03-25 11:53:11][2625] Processing: App\Events\EventTrigger
[2020-03-25 11:53:11][2625] Processed:  App\Events\EventTrigger
[2020-03-25 11:53:13][2626] Processing: App\Events\EventTrigger
[2020-03-25 11:53:13][2626] Processed:  App\Events\EventTrigger
[2020-03-25 11:53:14][2627] Processing: App\Events\EventTrigger
[2020-03-25 11:53:15][2627] Processed:  App\Events\EventTrigger
[2020-03-25 11:53:16][2628] Processing: App\Events\EventTrigger
[2020-03-25 11:53:16][2628] Processed:  App\Events\EventTrigger
[2020-03-25 11:53:18][2629] Processing: App\Events\EventTrigger
[2020-03-25 11:53:18][2629] Processed:  App\Events\EventTrigger
[2020-03-25 11:53:19][2630] Processing: App\Events\EventTrigger
[2020-03-25 11:53:19][2630] Processed:  App\Events\EventTrigger
[2020-03-25 11:53:21][2631] Processing: App\Events\EventTrigger
[2020-03-25 11:53:22][2631] Processed:  App\Events\EventTrigger
[2020-03-25 11:53:22][2632] Processing: App\Events\EventTrigger
[2020-03-25 11:53:23][2632] Processed:  App\Events\EventTrigger
[2020-03-25 11:53:25][2633] Processing: App\Events\EventTrigger
[2020-03-25 11:53:25][2633] Processed:  App\Events\EventTrigger
[2020-03-25 11:53:26][2634] Processing: App\Events\EventTrigger
[2020-03-25 11:53:26][2634] Processed:  App\Events\EventTrigger
[2020-03-25 11:53:28][2635] Processing: App\Events\EventTrigger
[2020-03-25 11:53:28][2635] Processed:  App\Events\EventTrigger
[2020-03-25 11:53:29][2636] Processing: App\Events\EventTrigger
[2020-03-25 11:53:29][2636] Processed:  App\Events\EventTrigger
[2020-03-25 11:53:31][2637] Processing: App\Events\EventTrigger
[2020-03-25 11:53:31][2637] Processed:  App\Events\EventTrigger
[2020-03-25 11:53:32][2638] Processing: App\Events\EventTrigger
[2020-03-25 11:53:32][2638] Processed:  App\Events\EventTrigger
[2020-03-25 11:53:34][2639] Processing: App\Events\EventTrigger
[2020-03-25 11:53:34][2639] Processed:  App\Events\EventTrigger
[2020-03-25 11:53:35][2640] Processing: App\Events\EventTrigger
[2020-03-25 11:53:35][2640] Processed:  App\Events\EventTrigger
[2020-03-25 11:53:37][2641] Processing: App\Events\EventTrigger
[2020-03-25 11:53:37][2641] Processed:  App\Events\EventTrigger
[2020-03-25 11:53:38][2642] Processing: App\Events\EventTrigger
[2020-03-25 11:53:38][2642] Processed:  App\Events\EventTrigger
[2020-03-25 11:53:40][2643] Processing: App\Events\EventTrigger
[2020-03-25 11:53:40][2643] Processed:  App\Events\EventTrigger
[2020-03-25 11:53:41][2644] Processing: App\Events\EventTrigger
[2020-03-25 11:53:41][2644] Processed:  App\Events\EventTrigger
[2020-03-25 11:53:43][2645] Processing: App\Events\EventTrigger
[2020-03-25 11:53:44][2645] Processed:  App\Events\EventTrigger
[2020-03-25 11:53:44][2646] Processing: App\Events\EventTrigger
[2020-03-25 11:53:44][2646] Processed:  App\Events\EventTrigger
[2020-03-25 11:53:46][2647] Processing: App\Events\EventTrigger
[2020-03-25 11:53:47][2647] Processed:  App\Events\EventTrigger
[2020-03-25 11:53:47][2648] Processing: App\Events\EventTrigger
[2020-03-25 11:53:47][2648] Processed:  App\Events\EventTrigger
[2020-03-25 11:53:50][2649] Processing: App\Events\EventTrigger
[2020-03-25 11:53:50][2649] Processed:  App\Events\EventTrigger
[2020-03-25 11:53:50][2650] Processing: App\Events\EventTrigger
[2020-03-25 11:53:50][2650] Processed:  App\Events\EventTrigger
[2020-03-25 11:53:51][2605] Processed:  App\Jobs\ConvertSeriesVideo
[2020-03-25 11:56:51][2651] Processing: App\Jobs\ConvertSeriesVideo
[2020-03-25 11:56:53][2652] Processing: App\Events\EventTrigger
[2020-03-25 11:56:53][2653] Processing: App\Events\EventTrigger
[2020-03-25 11:56:54][2653] Processed:  App\Events\EventTrigger
[2020-03-25 11:56:54][2654] Processing: App\Events\EventTrigger
[2020-03-25 11:56:54][2652] Processed:  App\Events\EventTrigger
[2020-03-25 11:56:54][2654] Processed:  App\Events\EventTrigger
[2020-03-25 11:56:56][2655] Processing: App\Events\EventTrigger
[2020-03-25 11:56:56][2656] Processing: App\Events\EventTrigger
[2020-03-25 11:56:56][2657] Processing: App\Events\EventTrigger
[2020-03-25 11:56:57][2658] Processing: App\Events\EventTrigger
[2020-03-25 11:56:57][2659] Processing: App\Events\EventTrigger
[2020-03-25 11:56:57][2660] Processing: App\Events\EventTrigger
[2020-03-25 11:56:57][2659] Processed:  App\Events\EventTrigger
[2020-03-25 11:56:57][2655] Processed:  App\Events\EventTrigger
[2020-03-25 11:56:57][2656] Processed:  App\Events\EventTrigger
[2020-03-25 11:56:57][2661] Processing: App\Events\EventTrigger
[2020-03-25 11:56:57][2657] Processed:  App\Events\EventTrigger
[2020-03-25 11:56:57][2661] Processed:  App\Events\EventTrigger
[2020-03-25 11:56:57][2660] Processed:  App\Events\EventTrigger
[2020-03-25 11:56:57][2658] Processed:  App\Events\EventTrigger
[2020-03-25 11:57:00][2662] Processing: App\Events\EventTrigger
[2020-03-25 11:57:00][2663] Processing: App\Events\EventTrigger
[2020-03-25 11:57:00][2664] Processing: App\Events\EventTrigger
[2020-03-25 11:57:00][2665] Processing: App\Events\EventTrigger
[2020-03-25 11:57:00][2662] Processed:  App\Events\EventTrigger
[2020-03-25 11:57:00][2666] Processing: App\Events\EventTrigger
[2020-03-25 11:57:00][2663] Processed:  App\Events\EventTrigger
[2020-03-25 11:57:00][2667] Processing: App\Events\EventTrigger
[2020-03-25 11:57:00][2664] Processed:  App\Events\EventTrigger
[2020-03-25 11:57:00][2665] Processed:  App\Events\EventTrigger
[2020-03-25 11:57:00][2666] Processed:  App\Events\EventTrigger
[2020-03-25 11:57:00][2667] Processed:  App\Events\EventTrigger
[2020-03-25 11:57:03][2668] Processing: App\Events\EventTrigger
[2020-03-25 11:57:03][2669] Processing: App\Events\EventTrigger
[2020-03-25 11:57:03][2670] Processing: App\Events\EventTrigger
[2020-03-25 11:57:03][2671] Processing: App\Events\EventTrigger
[2020-03-25 11:57:03][2672] Processing: App\Events\EventTrigger
[2020-03-25 11:57:03][2668] Processed:  App\Events\EventTrigger
[2020-03-25 11:57:03][2669] Processed:  App\Events\EventTrigger
[2020-03-25 11:57:03][2670] Processed:  App\Events\EventTrigger
[2020-03-25 11:57:03][2671] Processed:  App\Events\EventTrigger
[2020-03-25 11:57:03][2672] Processed:  App\Events\EventTrigger
[2020-03-25 11:57:06][2673] Processing: App\Events\EventTrigger
[2020-03-25 11:57:06][2674] Processing: App\Events\EventTrigger
[2020-03-25 11:57:06][2673] Processed:  App\Events\EventTrigger
[2020-03-25 11:57:06][2674] Processed:  App\Events\EventTrigger
[2020-03-25 11:57:09][2675] Processing: App\Events\EventTrigger
[2020-03-25 11:57:09][2676] Processing: App\Events\EventTrigger
[2020-03-25 11:57:10][2675] Processed:  App\Events\EventTrigger
[2020-03-25 11:57:10][2676] Processed:  App\Events\EventTrigger
[2020-03-25 11:57:12][2677] Processing: App\Events\EventTrigger
[2020-03-25 11:57:13][2678] Processing: App\Events\EventTrigger
[2020-03-25 11:57:13][2677] Processed:  App\Events\EventTrigger
[2020-03-25 11:57:13][2678] Processed:  App\Events\EventTrigger
[2020-03-25 11:57:15][2679] Processing: App\Events\EventTrigger
[2020-03-25 11:57:16][2679] Processed:  App\Events\EventTrigger
[2020-03-25 11:57:16][2680] Processing: App\Events\EventTrigger
[2020-03-25 11:57:16][2680] Processed:  App\Events\EventTrigger
[2020-03-25 11:57:18][2681] Processing: App\Events\EventTrigger
[2020-03-25 11:57:19][2681] Processed:  App\Events\EventTrigger
[2020-03-25 11:57:19][2682] Processing: App\Events\EventTrigger
[2020-03-25 11:57:19][2682] Processed:  App\Events\EventTrigger
[2020-03-25 11:57:21][2683] Processing: App\Events\EventTrigger
[2020-03-25 11:57:22][2683] Processed:  App\Events\EventTrigger
[2020-03-25 11:57:22][2684] Processing: App\Events\EventTrigger
[2020-03-25 11:57:22][2684] Processed:  App\Events\EventTrigger
[2020-03-25 11:57:24][2685] Processing: App\Events\EventTrigger
[2020-03-25 11:57:25][2685] Processed:  App\Events\EventTrigger
[2020-03-25 11:57:25][2686] Processing: App\Events\EventTrigger
[2020-03-25 11:57:25][2686] Processed:  App\Events\EventTrigger
[2020-03-25 11:57:28][2687] Processing: App\Events\EventTrigger
[2020-03-25 11:57:28][2687] Processed:  App\Events\EventTrigger
[2020-03-25 11:57:28][2688] Processing: App\Events\EventTrigger
[2020-03-25 11:57:28][2688] Processed:  App\Events\EventTrigger
[2020-03-25 11:57:31][2689] Processing: App\Events\EventTrigger
[2020-03-25 11:57:31][2689] Processed:  App\Events\EventTrigger
[2020-03-25 11:57:31][2690] Processing: App\Events\EventTrigger
[2020-03-25 11:57:31][2690] Processed:  App\Events\EventTrigger
[2020-03-25 11:57:34][2691] Processing: App\Events\EventTrigger
[2020-03-25 11:57:34][2691] Processed:  App\Events\EventTrigger
[2020-03-25 11:57:34][2692] Processing: App\Events\EventTrigger
[2020-03-25 11:57:34][2692] Processed:  App\Events\EventTrigger
[2020-03-25 11:57:37][2693] Processing: App\Events\EventTrigger
[2020-03-25 11:57:37][2693] Processed:  App\Events\EventTrigger
[2020-03-25 11:57:37][2694] Processing: App\Events\EventTrigger
[2020-03-25 11:57:38][2694] Processed:  App\Events\EventTrigger
[2020-03-25 11:57:40][2695] Processing: App\Events\EventTrigger
[2020-03-25 11:57:40][2695] Processed:  App\Events\EventTrigger
[2020-03-25 11:57:41][2696] Processing: App\Events\EventTrigger
[2020-03-25 11:57:41][2696] Processed:  App\Events\EventTrigger
[2020-03-25 11:57:43][2697] Processing: App\Events\EventTrigger
[2020-03-25 11:57:43][2651] Processed:  App\Jobs\ConvertSeriesVideo
[2020-03-25 11:57:43][2697] Processed:  App\Events\EventTrigger
[2020-03-25 11:59:37][2698] Processing: App\Jobs\ConvertSeriesVideo
[2020-03-25 11:59:37][2698] Processed:  App\Jobs\ConvertSeriesVideo
[2020-03-25 12:14:44][2699] Processing: App\Jobs\ConvertSeriesVideo
[2020-03-25 12:14:46][2700] Processing: App\Events\EventTrigger
[2020-03-25 12:14:47][2700] Processed:  App\Events\EventTrigger
[2020-03-25 12:14:47][2701] Processing: App\Events\EventTrigger
[2020-03-25 12:14:47][2702] Processing: App\Events\EventTrigger
[2020-03-25 12:14:47][2701] Processed:  App\Events\EventTrigger
[2020-03-25 12:14:48][2702] Processed:  App\Events\EventTrigger
[2020-03-25 12:14:48][2703] Processing: App\Events\EventTrigger
[2020-03-25 12:14:48][2703] Processed:  App\Events\EventTrigger
[2020-03-25 12:14:48][2704] Processing: App\Events\EventTrigger
[2020-03-25 12:14:48][2704] Processed:  App\Events\EventTrigger
[2020-03-25 12:14:50][2705] Processing: App\Events\EventTrigger
[2020-03-25 12:14:50][2706] Processing: App\Events\EventTrigger
[2020-03-25 12:14:50][2707] Processing: App\Events\EventTrigger
[2020-03-25 12:14:50][2708] Processing: App\Events\EventTrigger
[2020-03-25 12:14:51][2705] Processed:  App\Events\EventTrigger
[2020-03-25 12:14:51][2709] Processing: App\Events\EventTrigger
[2020-03-25 12:14:51][2706] Processed:  App\Events\EventTrigger
[2020-03-25 12:14:51][2707] Processed:  App\Events\EventTrigger
[2020-03-25 12:14:51][2708] Processed:  App\Events\EventTrigger
[2020-03-25 12:14:51][2709] Processed:  App\Events\EventTrigger
[2020-03-25 12:14:51][2710] Processing: App\Events\EventTrigger
[2020-03-25 12:14:52][2699] Processed:  App\Jobs\ConvertSeriesVideo
[2020-03-25 12:14:52][2710] Processed:  App\Events\EventTrigger
[2020-03-25 12:17:46][2711] Processing: App\Jobs\ConvertSeriesVideo
[2020-03-25 12:17:57][2712] Processing: App\Events\EventTrigger
[2020-03-25 12:17:58][2712] Processed:  App\Events\EventTrigger
[2020-03-25 12:17:59][2713] Processing: App\Events\EventTrigger
[2020-03-25 12:18:00][2713] Processed:  App\Events\EventTrigger
[2020-03-25 12:18:00][2714] Processing: App\Events\EventTrigger
[2020-03-25 12:18:01][2714] Processed:  App\Events\EventTrigger
[2020-03-25 12:18:02][2715] Processing: App\Events\EventTrigger
[2020-03-25 12:18:03][2715] Processed:  App\Events\EventTrigger
[2020-03-25 12:18:03][2716] Processing: App\Events\EventTrigger
[2020-03-25 12:18:04][2716] Processed:  App\Events\EventTrigger
[2020-03-25 12:18:04][2717] Processing: App\Events\EventTrigger
[2020-03-25 12:18:04][2717] Processed:  App\Events\EventTrigger
[2020-03-25 12:18:06][2718] Processing: App\Events\EventTrigger
[2020-03-25 12:18:07][2718] Processed:  App\Events\EventTrigger
[2020-03-25 12:18:07][2719] Processing: App\Events\EventTrigger
[2020-03-25 12:18:07][2719] Processed:  App\Events\EventTrigger
[2020-03-25 12:18:09][2720] Processing: App\Events\EventTrigger
[2020-03-25 12:18:10][2720] Processed:  App\Events\EventTrigger
[2020-03-25 12:18:10][2721] Processing: App\Events\EventTrigger
[2020-03-25 12:18:10][2721] Processed:  App\Events\EventTrigger
[2020-03-25 12:18:12][2722] Processing: App\Events\EventTrigger
[2020-03-25 12:18:13][2723] Processing: App\Events\EventTrigger
[2020-03-25 12:18:13][2722] Processed:  App\Events\EventTrigger
[2020-03-25 12:18:14][2723] Processed:  App\Events\EventTrigger
[2020-03-25 12:18:16][2724] Processing: App\Events\EventTrigger
[2020-03-25 12:18:16][2725] Processing: App\Events\EventTrigger
[2020-03-25 12:18:16][2724] Processed:  App\Events\EventTrigger
[2020-03-25 12:18:16][2725] Processed:  App\Events\EventTrigger
[2020-03-25 12:18:16][2726] Processing: App\Events\EventTrigger
[2020-03-25 12:18:16][2726] Processed:  App\Events\EventTrigger
[2020-03-25 12:18:19][2727] Processing: App\Events\EventTrigger
[2020-03-25 12:18:19][2727] Processed:  App\Events\EventTrigger
[2020-03-25 12:18:19][2728] Processing: App\Events\EventTrigger
[2020-03-25 12:18:19][2728] Processed:  App\Events\EventTrigger
[2020-03-25 12:18:19][2729] Processing: App\Events\EventTrigger
[2020-03-25 12:18:20][2729] Processed:  App\Events\EventTrigger
[2020-03-25 12:18:22][2730] Processing: App\Events\EventTrigger
[2020-03-25 12:18:22][2731] Processing: App\Events\EventTrigger
[2020-03-25 12:18:22][2730] Processed:  App\Events\EventTrigger
[2020-03-25 12:18:22][2731] Processed:  App\Events\EventTrigger
[2020-03-25 12:18:23][2732] Processing: App\Events\EventTrigger
[2020-03-25 12:18:23][2732] Processed:  App\Events\EventTrigger
[2020-03-25 12:18:25][2733] Processing: App\Events\EventTrigger
[2020-03-25 12:18:25][2734] Processing: App\Events\EventTrigger
[2020-03-25 12:18:25][2733] Processed:  App\Events\EventTrigger
[2020-03-25 12:18:25][2734] Processed:  App\Events\EventTrigger
[2020-03-25 12:18:28][2735] Processing: App\Events\EventTrigger
[2020-03-25 12:18:28][2735] Processed:  App\Events\EventTrigger
[2020-03-25 12:18:34][2736] Processing: App\Events\EventTrigger
[2020-03-25 12:18:34][2736] Processed:  App\Events\EventTrigger
[2020-03-25 12:18:37][2737] Processing: App\Events\EventTrigger
[2020-03-25 12:18:37][2737] Processed:  App\Events\EventTrigger
[2020-03-25 12:18:40][2738] Processing: App\Events\EventTrigger
[2020-03-25 12:18:41][2738] Processed:  App\Events\EventTrigger
[2020-03-25 12:18:46][2739] Processing: App\Events\EventTrigger
[2020-03-25 12:18:47][2739] Processed:  App\Events\EventTrigger
[2020-03-25 12:18:49][2740] Processing: App\Events\EventTrigger
[2020-03-25 12:18:50][2740] Processed:  App\Events\EventTrigger
[2020-03-25 12:18:52][2741] Processing: App\Events\EventTrigger
[2020-03-25 12:18:53][2741] Processed:  App\Events\EventTrigger
[2020-03-25 12:18:56][2742] Processing: App\Events\EventTrigger
[2020-03-25 12:18:56][2742] Processed:  App\Events\EventTrigger
[2020-03-25 12:18:59][2743] Processing: App\Events\EventTrigger
[2020-03-25 12:18:59][2743] Processed:  App\Events\EventTrigger
[2020-03-25 12:19:04][2744] Processing: App\Events\EventTrigger
[2020-03-25 12:19:05][2744] Processed:  App\Events\EventTrigger
[2020-03-25 12:19:08][2745] Processing: App\Events\EventTrigger
[2020-03-25 12:19:08][2745] Processed:  App\Events\EventTrigger
[2020-03-25 12:19:11][2746] Processing: App\Events\EventTrigger
[2020-03-25 12:19:12][2746] Processed:  App\Events\EventTrigger
[2020-03-25 12:19:15][2747] Processing: App\Events\EventTrigger
[2020-03-25 12:19:15][2747] Processed:  App\Events\EventTrigger
[2020-03-25 12:19:18][2748] Processing: App\Events\EventTrigger
[2020-03-25 12:19:18][2748] Processed:  App\Events\EventTrigger
[2020-03-25 12:19:23][2749] Processing: App\Events\EventTrigger
[2020-03-25 12:19:23][2749] Processed:  App\Events\EventTrigger
[2020-03-25 12:19:26][2750] Processing: App\Events\EventTrigger
[2020-03-25 12:19:26][2750] Processed:  App\Events\EventTrigger
[2020-03-25 12:19:29][2751] Processing: App\Events\EventTrigger
[2020-03-25 12:19:30][2751] Processed:  App\Events\EventTrigger
[2020-03-25 12:19:33][2752] Processing: App\Events\EventTrigger
[2020-03-25 12:19:33][2752] Processed:  App\Events\EventTrigger
[2020-03-25 12:19:36][2753] Processing: App\Events\EventTrigger
[2020-03-25 12:19:37][2753] Processed:  App\Events\EventTrigger
[2020-03-25 12:19:40][2754] Processing: App\Events\EventTrigger
[2020-03-25 12:19:40][2754] Processed:  App\Events\EventTrigger
[2020-03-25 12:19:43][2755] Processing: App\Events\EventTrigger
[2020-03-25 12:19:43][2755] Processed:  App\Events\EventTrigger
[2020-03-25 12:19:46][2756] Processing: App\Events\EventTrigger
[2020-03-25 12:19:46][2756] Processed:  App\Events\EventTrigger
[2020-03-25 12:19:49][2757] Processing: App\Events\EventTrigger
[2020-03-25 12:19:49][2757] Processed:  App\Events\EventTrigger
[2020-03-25 12:19:53][2758] Processing: App\Events\EventTrigger
[2020-03-25 12:19:53][2758] Processed:  App\Events\EventTrigger
[2020-03-25 12:19:56][2759] Processing: App\Events\EventTrigger
[2020-03-25 12:19:56][2759] Processed:  App\Events\EventTrigger
[2020-03-25 12:19:59][2760] Processing: App\Events\EventTrigger
[2020-03-25 12:19:59][2760] Processed:  App\Events\EventTrigger
